--------------------------------------------------------------------------------
Release 14.7 Trace  (nt64)
Copyright (c) 1995-2013 Xilinx, Inc.  All rights reserved.

C:\Xilinx\14.7\ISE_DS\ISE\bin\nt64\unwrapped\trce.exe -intstyle ise -v 3 -s 3
-n 3 -fastpaths -xml CarBuzzer.twx CarBuzzer.ncd -o CarBuzzer.twr CarBuzzer.pcf
-ucf Pin.ucf

Design file:              CarBuzzer.ncd
Physical constraint file: CarBuzzer.pcf
Device,package,speed:     xc6slx9,tqg144,C,-3 (PRODUCTION 1.23 2013-10-13)
Report level:             verbose report

Environment Variable      Effect 
--------------------      ------ 
NONE                      No environment variables were set
--------------------------------------------------------------------------------

INFO:Timing:2698 - No timing constraints found, doing default enumeration.
INFO:Timing:3412 - To improve timing, see the Timing Closure User Guide (UG612).
INFO:Timing:2752 - To get complete path coverage, use the unconstrained paths 
   option. All paths that are not constrained will be reported in the 
   unconstrained paths section(s) of the report.
INFO:Timing:3339 - The clock-to-out numbers in this timing report are based on 
   a 50 Ohm transmission line loading model.  For the details of this model, 
   and for more information on accounting for different loading conditions, 
   please see the device datasheet.



Data Sheet report:
-----------------
All values displayed in nanoseconds (ns)

Clock CLOCK to Pad
------------+-----------------+------------+-----------------+------------+------------------+--------+
            |Max (slowest) clk|  Process   |Min (fastest) clk|  Process   |                  | Clock  |
Destination |  (edge) to PAD  |   Corner   |  (edge) to PAD  |   Corner   |Internal Clock(s) | Phase  |
------------+-----------------+------------+-----------------+------------+------------------+--------+
a           |         8.235(R)|      SLOW  |         4.233(R)|      FAST  |CLOCK_BUFGP       |   0.000|
b           |         8.127(R)|      SLOW  |         4.057(R)|      FAST  |CLOCK_BUFGP       |   0.000|
c           |         7.896(R)|      SLOW  |         3.988(R)|      FAST  |CLOCK_BUFGP       |   0.000|
d           |         7.902(R)|      SLOW  |         3.980(R)|      FAST  |CLOCK_BUFGP       |   0.000|
e           |         7.533(R)|      SLOW  |         3.840(R)|      FAST  |CLOCK_BUFGP       |   0.000|
f           |         7.438(R)|      SLOW  |         3.851(R)|      FAST  |CLOCK_BUFGP       |   0.000|
g           |         8.079(R)|      SLOW  |         4.118(R)|      FAST  |CLOCK_BUFGP       |   0.000|
------------+-----------------+------------+-----------------+------------+------------------+--------+

Clock to Setup on destination clock CLOCK
---------------+---------+---------+---------+---------+
               | Src:Rise| Src:Fall| Src:Rise| Src:Fall|
Source Clock   |Dest:Rise|Dest:Rise|Dest:Fall|Dest:Fall|
---------------+---------+---------+---------+---------+
CLOCK          |    1.335|         |         |         |
---------------+---------+---------+---------+---------+


Analysis completed Thu Oct 08 15:17:53 2020 
--------------------------------------------------------------------------------

Trace Settings:
-------------------------
Trace Settings 

Peak Memory Usage: 4549 MB



