--------------------------------------------------------------------------------
Release 14.7 Trace  (nt64)
Copyright (c) 1995-2013 Xilinx, Inc.  All rights reserved.

C:\Xilinx\14.7\ISE_DS\ISE\bin\nt64\unwrapped\trce.exe -intstyle ise -v 3 -s 3
-n 3 -fastpaths -xml main.twx main.ncd -o main.twr main.pcf -ucf main.ucf

Design file:              main.ncd
Physical constraint file: main.pcf
Device,package,speed:     xc6slx9,tqg144,C,-3 (PRODUCTION 1.23 2013-10-13)
Report level:             verbose report

Environment Variable      Effect 
--------------------      ------ 
NONE                      No environment variables were set
--------------------------------------------------------------------------------

INFO:Timing:2698 - No timing constraints found, doing default enumeration.
INFO:Timing:3412 - To improve timing, see the Timing Closure User Guide (UG612).
INFO:Timing:2752 - To get complete path coverage, use the unconstrained paths 
   option. All paths that are not constrained will be reported in the 
   unconstrained paths section(s) of the report.
INFO:Timing:3339 - The clock-to-out numbers in this timing report are based on 
   a 50 Ohm transmission line loading model.  For the details of this model, 
   and for more information on accounting for different loading conditions, 
   please see the device datasheet.



Data Sheet report:
-----------------
All values displayed in nanoseconds (ns)

Clock XLXN_18 to Pad
------------+-----------------+------------+-----------------+------------+------------------+--------+
            |Max (slowest) clk|  Process   |Min (fastest) clk|  Process   |                  | Clock  |
Destination |  (edge) to PAD  |   Corner   |  (edge) to PAD  |   Corner   |Internal Clock(s) | Phase  |
------------+-----------------+------------+-----------------+------------+------------------+--------+
seg<0>      |        12.808(R)|      SLOW  |         6.001(R)|      FAST  |XLXN_18_BUFGP     |   0.000|
seg<1>      |        12.550(R)|      SLOW  |         5.954(R)|      FAST  |XLXN_18_BUFGP     |   0.000|
seg<2>      |        12.406(R)|      SLOW  |         6.018(R)|      FAST  |XLXN_18_BUFGP     |   0.000|
seg<3>      |        12.600(R)|      SLOW  |         6.012(R)|      FAST  |XLXN_18_BUFGP     |   0.000|
seg<4>      |        12.499(R)|      SLOW  |         5.962(R)|      FAST  |XLXN_18_BUFGP     |   0.000|
seg<5>      |        12.609(R)|      SLOW  |         6.092(R)|      FAST  |XLXN_18_BUFGP     |   0.000|
seg<6>      |        12.946(R)|      SLOW  |         6.039(R)|      FAST  |XLXN_18_BUFGP     |   0.000|
------------+-----------------+------------+-----------------+------------+------------------+--------+

Clock to Setup on destination clock XLXN_18
---------------+---------+---------+---------+---------+
               | Src:Rise| Src:Fall| Src:Rise| Src:Fall|
Source Clock   |Dest:Rise|Dest:Rise|Dest:Fall|Dest:Fall|
---------------+---------+---------+---------+---------+
XLXN_18        |    1.544|         |         |         |
---------------+---------+---------+---------+---------+


Analysis completed Thu Nov 26 10:52:30 2020 
--------------------------------------------------------------------------------

Trace Settings:
-------------------------
Trace Settings 

Peak Memory Usage: 4572 MB



