Release 14.7 - xst P.20131013 (nt64)
Copyright (c) 1995-2013 Xilinx, Inc.  All rights reserved.
--> Parameter TMPDIR set to xst/projnav.tmp


Total REAL time to Xst completion: 0.00 secs
Total CPU time to Xst completion: 0.28 secs
 
--> Parameter xsthdpdir set to xst


Total REAL time to Xst completion: 0.00 secs
Total CPU time to Xst completion: 0.28 secs
 
--> Reading design: main.prj

TABLE OF CONTENTS
  1) Synthesis Options Summary
  2) HDL Parsing
  3) HDL Elaboration
  4) HDL Synthesis
       4.1) HDL Synthesis Report
  5) Advanced HDL Synthesis
       5.1) Advanced HDL Synthesis Report
  6) Low Level Synthesis
  7) Partition Report
  8) Design Summary
       8.1) Primitive and Black Box Usage
       8.2) Device utilization summary
       8.3) Partition Resource Summary
       8.4) Timing Report
            8.4.1) Clock Information
            8.4.2) Asynchronous Control Signals Information
            8.4.3) Timing Summary
            8.4.4) Timing Details
            8.4.5) Cross Clock Domains Report


=========================================================================
*                      Synthesis Options Summary                        *
=========================================================================
---- Source Parameters
Input File Name                    : "main.prj"
Ignore Synthesis Constraint File   : NO

---- Target Parameters
Output File Name                   : "main"
Output Format                      : NGC
Target Device                      : xc6slx9-3-tqg144

---- Source Options
Top Module Name                    : main
Automatic FSM Extraction           : YES
FSM Encoding Algorithm             : Auto
Safe Implementation                : No
FSM Style                          : LUT
RAM Extraction                     : Yes
RAM Style                          : Auto
ROM Extraction                     : Yes
Shift Register Extraction          : YES
ROM Style                          : Auto
Resource Sharing                   : YES
Asynchronous To Synchronous        : NO
Shift Register Minimum Size        : 2
Use DSP Block                      : Auto
Automatic Register Balancing       : No

---- Target Options
LUT Combining                      : Auto
Reduce Control Sets                : Auto
Add IO Buffers                     : YES
Global Maximum Fanout              : 100000
Add Generic Clock Buffer(BUFG)     : 16
Register Duplication               : YES
Optimize Instantiated Primitives   : NO
Use Clock Enable                   : Auto
Use Synchronous Set                : Auto
Use Synchronous Reset              : Auto
Pack IO Registers into IOBs        : Auto
Equivalent register Removal        : YES

---- General Options
Optimization Goal                  : Speed
Optimization Effort                : 1
Power Reduction                    : NO
Keep Hierarchy                     : No
Netlist Hierarchy                  : As_Optimized
RTL Output                         : Yes
Global Optimization                : AllClockNets
Read Cores                         : YES
Write Timing Constraints           : NO
Cross Clock Analysis               : NO
Hierarchy Separator                : /
Bus Delimiter                      : <>
Case Specifier                     : Maintain
Slice Utilization Ratio            : 100
BRAM Utilization Ratio             : 100
DSP48 Utilization Ratio            : 100
Auto BRAM Packing                  : NO
Slice Utilization Ratio Delta      : 5

=========================================================================


=========================================================================
*                          HDL Parsing                                  *
=========================================================================
Parsing VHDL file "C:\Users\HCARACH\Desktop\lab\Module\BCD_0_F_Decoder.vhf" into library work
Parsing entity <D4_16E_HXILINX_BCD_0_F_Decoder>.
Parsing architecture <D4_16E_HXILINX_BCD_0_F_Decoder_V> of entity <d4_16e_hxilinx_bcd_0_f_decoder>.
Parsing entity <OR6_HXILINX_BCD_0_F_Decoder>.
Parsing architecture <OR6_HXILINX_BCD_0_F_Decoder_V> of entity <or6_hxilinx_bcd_0_f_decoder>.
Parsing entity <BCD_0_F_Decoder>.
Parsing architecture <BEHAVIORAL> of entity <bcd_0_f_decoder>.
Parsing VHDL file "C:\Users\HCARACH\Desktop\lab\Module\main.vhf" into library work
Parsing entity <D4_16E_HXILINX_main>.
Parsing architecture <D4_16E_HXILINX_main_V> of entity <d4_16e_hxilinx_main>.
Parsing entity <ADD4_HXILINX_main>.
Parsing architecture <ADD4_HXILINX_main_V> of entity <add4_hxilinx_main>.
Parsing entity <OR6_HXILINX_main>.
Parsing architecture <OR6_HXILINX_main_V> of entity <or6_hxilinx_main>.
Parsing entity <CD4CE_HXILINX_main>.
Parsing architecture <Behavioral> of entity <cd4ce_hxilinx_main>.
Parsing entity <BCD_0_F_Decoder_MUSER_main>.
Parsing architecture <BEHAVIORAL> of entity <bcd_0_f_decoder_muser_main>.
Parsing entity <main>.
Parsing architecture <BEHAVIORAL> of entity <main>.

=========================================================================
*                            HDL Elaboration                            *
=========================================================================

Elaborating entity <main> (architecture <BEHAVIORAL>) from library <work>.

Elaborating entity <ADD4_HXILINX_main> (architecture <ADD4_HXILINX_main_V>) from library <work>.

Elaborating entity <CD4CE_HXILINX_main> (architecture <Behavioral>) from library <work>.

Elaborating entity <BCD_0_F_Decoder_MUSER_main> (architecture <BEHAVIORAL>) from library <work>.

Elaborating entity <D4_16E_HXILINX_main> (architecture <D4_16E_HXILINX_main_V>) from library <work>.
INFO:HDLCompiler:679 - "C:\Users\HCARACH\Desktop\lab\Module\main.vhf" Line 81. Case statement is complete. others clause is never selected

Elaborating entity <OR6_HXILINX_main> (architecture <OR6_HXILINX_main_V>) from library <work>.
WARNING:HDLCompiler:634 - "C:\Users\HCARACH\Desktop\lab\Module\main.vhf" Line 496: Net <XLXI_11_CLR_openSignal> does not have a driver.

=========================================================================
*                           HDL Synthesis                               *
=========================================================================

Synthesizing Unit <main>.
    Related source file is "C:\Users\HCARACH\Desktop\lab\Module\main.vhf".
    Set property "HU_SET = XLXI_9_4" for instance <XLXI_9>.
    Set property "HU_SET = XLXI_11_3" for instance <XLXI_11>.
    Set property "LOC = P45" for signal <XLXN_18>.
    Set property "CLOCK_DEDICATED_ROUTE = TRUE" for signal <XLXN_18>.
INFO:Xst:3210 - "C:\Users\HCARACH\Desktop\lab\Module\main.vhf" line 563: Output port <CO> of the instance <XLXI_9> is unconnected or connected to loadless signal.
INFO:Xst:3210 - "C:\Users\HCARACH\Desktop\lab\Module\main.vhf" line 563: Output port <OFL> of the instance <XLXI_9> is unconnected or connected to loadless signal.
INFO:Xst:3210 - "C:\Users\HCARACH\Desktop\lab\Module\main.vhf" line 583: Output port <CEO> of the instance <XLXI_11> is unconnected or connected to loadless signal.
INFO:Xst:3210 - "C:\Users\HCARACH\Desktop\lab\Module\main.vhf" line 583: Output port <TC> of the instance <XLXI_11> is unconnected or connected to loadless signal.
WARNING:Xst:653 - Signal <XLXI_11_CLR_openSignal> is used but never assigned. This sourceless signal will be automatically connected to value GND.
    Summary:
	no macro.
Unit <main> synthesized.

Synthesizing Unit <ADD4_HXILINX_main>.
    Related source file is "C:\Users\HCARACH\Desktop\lab\Module\main.vhf".
    Found 5-bit adder for signal <n0024> created at line 141.
    Found 5-bit adder for signal <adsu_p.adsu_tmp> created at line 141.
    Summary:
	inferred   2 Adder/Subtractor(s).
Unit <ADD4_HXILINX_main> synthesized.

Synthesizing Unit <CD4CE_HXILINX_main>.
    Related source file is "C:\Users\HCARACH\Desktop\lab\Module\main.vhf".
    Found 4-bit register for signal <COUNT>.
    Found 4-bit adder for signal <COUNT[3]_GND_9_o_add_4_OUT> created at line 221.
    Summary:
	inferred   1 Adder/Subtractor(s).
	inferred   4 D-type flip-flop(s).
	inferred   8 Multiplexer(s).
Unit <CD4CE_HXILINX_main> synthesized.

Synthesizing Unit <BCD_0_F_Decoder_MUSER_main>.
    Related source file is "C:\Users\HCARACH\Desktop\lab\Module\main.vhf".
    Set property "HU_SET = XLXI_1_0" for instance <XLXI_1>.
    Set property "HU_SET = XLXI_27_1" for instance <XLXI_27>.
    Set property "HU_SET = XLXI_43_2" for instance <XLXI_43>.
INFO:Xst:3210 - "C:\Users\HCARACH\Desktop\lab\Module\main.vhf" line 346: Output port <D8> of the instance <XLXI_1> is unconnected or connected to loadless signal.
    Summary:
	no macro.
Unit <BCD_0_F_Decoder_MUSER_main> synthesized.

Synthesizing Unit <D4_16E_HXILINX_main>.
    Related source file is "C:\Users\HCARACH\Desktop\lab\Module\main.vhf".
    Summary:
	inferred   1 Multiplexer(s).
Unit <D4_16E_HXILINX_main> synthesized.

Synthesizing Unit <OR6_HXILINX_main>.
    Related source file is "C:\Users\HCARACH\Desktop\lab\Module\main.vhf".
    Summary:
	no macro.
Unit <OR6_HXILINX_main> synthesized.

=========================================================================
HDL Synthesis Report

Macro Statistics
# Adders/Subtractors                                   : 3
 4-bit adder                                           : 1
 5-bit adder                                           : 2
# Registers                                            : 1
 4-bit register                                        : 1
# Multiplexers                                         : 9
 16-bit 2-to-1 multiplexer                             : 1
 4-bit 2-to-1 multiplexer                              : 8

=========================================================================

=========================================================================
*                       Advanced HDL Synthesis                          *
=========================================================================


=========================================================================
Advanced HDL Synthesis Report

Macro Statistics
# Adders/Subtractors                                   : 2
 4-bit adder                                           : 1
 5-bit adder carry in                                  : 1
# Registers                                            : 4
 Flip-Flops                                            : 4
# Multiplexers                                         : 9
 16-bit 2-to-1 multiplexer                             : 1
 4-bit 2-to-1 multiplexer                              : 8

=========================================================================

=========================================================================
*                         Low Level Synthesis                           *
=========================================================================

Optimizing unit <main> ...

Optimizing unit <BCD_0_F_Decoder_MUSER_main> ...

Optimizing unit <CD4CE_HXILINX_main> ...

Optimizing unit <ADD4_HXILINX_main> ...

Optimizing unit <D4_16E_HXILINX_main> ...

Optimizing unit <OR6_HXILINX_main> ...

Mapping all equations...
Building and optimizing final netlist ...
Found area constraint ratio of 100 (+ 5) on block main, actual ratio is 0.

Final Macro Processing ...

=========================================================================
Final Register Report

Macro Statistics
# Registers                                            : 4
 Flip-Flops                                            : 4

=========================================================================

=========================================================================
*                           Partition Report                            *
=========================================================================

Partition Implementation Status
-------------------------------

  No Partitions were found in this design.

-------------------------------

=========================================================================
*                            Design Summary                             *
=========================================================================

Top Level Output File Name         : main.ngc

Primitive and Black Box Usage:
------------------------------
# BELS                             : 42
#      GND                         : 1
#      INV                         : 13
#      LUT2                        : 1
#      LUT3                        : 3
#      LUT4                        : 16
#      LUT6                        : 2
#      OR4                         : 3
#      OR5                         : 2
#      VCC                         : 1
# FlipFlops/Latches                : 4
#      FDE                         : 4
# Clock Buffers                    : 1
#      BUFGP                       : 1
# IO Buffers                       : 11
#      OBUF                        : 11

Device utilization summary:
---------------------------

Selected Device : 6slx9tqg144-3 


Slice Logic Utilization: 
 Number of Slice Registers:               4  out of  11440     0%  
 Number of Slice LUTs:                   35  out of   5720     0%  
    Number used as Logic:                35  out of   5720     0%  

Slice Logic Distribution: 
 Number of LUT Flip Flop pairs used:     39
   Number with an unused Flip Flop:      35  out of     39    89%  
   Number with an unused LUT:             4  out of     39    10%  
   Number of fully used LUT-FF pairs:     0  out of     39     0%  
   Number of unique control sets:         1

IO Utilization: 
 Number of IOs:                          12
 Number of bonded IOBs:                  12  out of    102    11%  

Specific Feature Utilization:
 Number of BUFG/BUFGCTRLs:                1  out of     16     6%  

---------------------------
Partition Resource Summary:
---------------------------

  No Partitions were found in this design.

---------------------------


=========================================================================
Timing Report

NOTE: THESE TIMING NUMBERS ARE ONLY A SYNTHESIS ESTIMATE.
      FOR ACCURATE TIMING INFORMATION PLEASE REFER TO THE TRACE REPORT
      GENERATED AFTER PLACE-and-ROUTE.

Clock Information:
------------------
-----------------------------------+------------------------+-------+
Clock Signal                       | Clock buffer(FF name)  | Load  |
-----------------------------------+------------------------+-------+
XLXN_18                            | BUFGP                  | 4     |
-----------------------------------+------------------------+-------+

Asynchronous Control Signals Information:
----------------------------------------
No asynchronous control signals found in this design

Timing Summary:
---------------
Speed Grade: -3

   Minimum period: 2.048ns (Maximum Frequency: 488.317MHz)
   Minimum input arrival time before clock: No path found
   Maximum output required time after clock: 9.672ns
   Maximum combinational path delay: No path found

Timing Details:
---------------
All values displayed in nanoseconds (ns)

=========================================================================
Timing constraint: Default period analysis for Clock 'XLXN_18'
  Clock period: 2.048ns (frequency: 488.317MHz)
  Total number of paths / destination ports: 11 / 4
-------------------------------------------------------------------------
Delay:               2.048ns (Levels of Logic = 1)
  Source:            XLXI_11/COUNT_0 (FF)
  Destination:       XLXI_11/COUNT_0 (FF)
  Source Clock:      XLXN_18 rising
  Destination Clock: XLXN_18 rising

  Data Path: XLXI_11/COUNT_0 to XLXI_11/COUNT_0
                                Gate     Net
    Cell:in->out      fanout   Delay   Delay  Logical Name (Net Name)
    ----------------------------------------  ------------
     FDE:C->Q              5   0.447   0.714  COUNT_0 (COUNT_0)
     INV:I->O              1   0.206   0.579  Mmux_COUNT[3]_GND_9_o_mux_8_OUT11_INV_0 (COUNT[3]_GND_9_o_mux_8_OUT<0>)
     FDE:D                     0.102          COUNT_0
    ----------------------------------------
    Total                      2.048ns (0.755ns logic, 1.293ns route)
                                       (36.9% logic, 63.1% route)

=========================================================================
Timing constraint: Default OFFSET OUT AFTER for Clock 'XLXN_18'
  Total number of paths / destination ports: 238 / 7
-------------------------------------------------------------------------
Offset:              9.672ns (Levels of Logic = 9)
  Source:            XLXI_11/COUNT_3 (FF)
  Destination:       seg<6> (PAD)
  Source Clock:      XLXN_18 rising

  Data Path: XLXI_11/COUNT_3 to seg<6>
                                Gate     Net
    Cell:in->out      fanout   Delay   Delay  Logical Name (Net Name)
    ----------------------------------------  ------------
     FDE:C->Q              3   0.447   0.650  COUNT_3 (COUNT_3)
     end scope: 'XLXI_11:Q3'
     INV:I->O              1   0.568   0.808  XLXI_29 (XLXN_36)
     begin scope: 'XLXI_9:B3'
     LUT3:I0->O           15   0.205   1.210  Madd_adsu_p.adsu_tmp_Madd_xor<3>11 (S3)
     end scope: 'XLXI_9:S3'
     begin scope: 'XLXI_21/XLXI_1:A3'
     LUT4:I1->O            5   0.205   0.962  Mmux_d_tmp81 (D1)
     end scope: 'XLXI_21/XLXI_1:D1'
     OR4:I2->O             1   0.320   0.579  XLXI_21/XLXI_25 (XLXI_21/G)
     INV:I->O              1   0.568   0.579  XLXI_21/XLXI_33 (seg_6_OBUF)
     OBUF:I->O                 2.571          seg_6_OBUF (seg<6>)
    ----------------------------------------
    Total                      9.672ns (4.884ns logic, 4.788ns route)
                                       (50.5% logic, 49.5% route)

=========================================================================

Cross Clock Domains Report:
--------------------------

Clock to Setup on destination clock XLXN_18
---------------+---------+---------+---------+---------+
               | Src:Rise| Src:Fall| Src:Rise| Src:Fall|
Source Clock   |Dest:Rise|Dest:Rise|Dest:Fall|Dest:Fall|
---------------+---------+---------+---------+---------+
XLXN_18        |    2.048|         |         |         |
---------------+---------+---------+---------+---------+

=========================================================================


Total REAL time to Xst completion: 13.00 secs
Total CPU time to Xst completion: 13.37 secs
 
--> 

Total memory usage is 4503136 kilobytes

Number of errors   :    0 (   0 filtered)
Number of warnings :    2 (   0 filtered)
Number of infos    :    5 (   0 filtered)

