Release 14.7 - xst P.20131013 (nt64)
Copyright (c) 1995-2013 Xilinx, Inc.  All rights reserved.
--> Parameter TMPDIR set to xst/projnav.tmp


Total REAL time to Xst completion: 0.00 secs
Total CPU time to Xst completion: 0.09 secs
 
--> Parameter xsthdpdir set to xst


Total REAL time to Xst completion: 0.00 secs
Total CPU time to Xst completion: 0.09 secs
 
--> Reading design: Random00_99.prj

TABLE OF CONTENTS
  1) Synthesis Options Summary
  2) HDL Parsing
  3) HDL Elaboration
  4) HDL Synthesis
       4.1) HDL Synthesis Report
  5) Advanced HDL Synthesis
       5.1) Advanced HDL Synthesis Report
  6) Low Level Synthesis
  7) Partition Report
  8) Design Summary
       8.1) Primitive and Black Box Usage
       8.2) Device utilization summary
       8.3) Partition Resource Summary
       8.4) Timing Report
            8.4.1) Clock Information
            8.4.2) Asynchronous Control Signals Information
            8.4.3) Timing Summary
            8.4.4) Timing Details
            8.4.5) Cross Clock Domains Report


=========================================================================
*                      Synthesis Options Summary                        *
=========================================================================
---- Source Parameters
Input File Name                    : "Random00_99.prj"
Ignore Synthesis Constraint File   : NO

---- Target Parameters
Output File Name                   : "Random00_99"
Output Format                      : NGC
Target Device                      : xc6slx9-3-tqg144

---- Source Options
Top Module Name                    : Random00_99
Automatic FSM Extraction           : YES
FSM Encoding Algorithm             : Auto
Safe Implementation                : No
FSM Style                          : LUT
RAM Extraction                     : Yes
RAM Style                          : Auto
ROM Extraction                     : Yes
Shift Register Extraction          : YES
ROM Style                          : Auto
Resource Sharing                   : YES
Asynchronous To Synchronous        : NO
Shift Register Minimum Size        : 2
Use DSP Block                      : Auto
Automatic Register Balancing       : No

---- Target Options
LUT Combining                      : Auto
Reduce Control Sets                : Auto
Add IO Buffers                     : YES
Global Maximum Fanout              : 100000
Add Generic Clock Buffer(BUFG)     : 16
Register Duplication               : YES
Optimize Instantiated Primitives   : NO
Use Clock Enable                   : Auto
Use Synchronous Set                : Auto
Use Synchronous Reset              : Auto
Pack IO Registers into IOBs        : Auto
Equivalent register Removal        : YES

---- General Options
Optimization Goal                  : Speed
Optimization Effort                : 1
Power Reduction                    : NO
Keep Hierarchy                     : No
Netlist Hierarchy                  : As_Optimized
RTL Output                         : Yes
Global Optimization                : AllClockNets
Read Cores                         : YES
Write Timing Constraints           : NO
Cross Clock Analysis               : NO
Hierarchy Separator                : /
Bus Delimiter                      : <>
Case Specifier                     : Maintain
Slice Utilization Ratio            : 100
BRAM Utilization Ratio             : 100
DSP48 Utilization Ratio            : 100
Auto BRAM Packing                  : NO
Slice Utilization Ratio Delta      : 5

=========================================================================


=========================================================================
*                          HDL Parsing                                  *
=========================================================================
Analyzing Verilog file "D:\Computer Engineering\Year2\Digital Fundumental\Dice_Random_Digital\g_7.vf" into library work
Parsing module <g_7>.
Analyzing Verilog file "D:\Computer Engineering\Year2\Digital Fundumental\Dice_Random_Digital\f_7.vf" into library work
Parsing module <f_7>.
Analyzing Verilog file "D:\Computer Engineering\Year2\Digital Fundumental\Dice_Random_Digital\e_7.vf" into library work
Parsing module <e_7>.
Analyzing Verilog file "D:\Computer Engineering\Year2\Digital Fundumental\Dice_Random_Digital\d_7.vf" into library work
Parsing module <d_7>.
Analyzing Verilog file "D:\Computer Engineering\Year2\Digital Fundumental\Dice_Random_Digital\c_7.vf" into library work
Parsing module <c_7>.
Analyzing Verilog file "D:\Computer Engineering\Year2\Digital Fundumental\Dice_Random_Digital\b_7.vf" into library work
Parsing module <b_7>.
Analyzing Verilog file "D:\Computer Engineering\Year2\Digital Fundumental\Dice_Random_Digital\a_7.vf" into library work
Parsing module <a_7>.
Analyzing Verilog file "D:\Computer Engineering\Year2\Digital Fundumental\Dice_Random_Digital\Multiplexer_new.vf" into library work
Parsing module <M2_1_HXILINX_Multiplexer_new>.
Parsing module <Multiplexer_new>.
Analyzing Verilog file "D:\Computer Engineering\Year2\Digital Fundumental\Dice_Random_Digital\mini_clk_div.vf" into library work
Parsing module <FJKC_HXILINX_mini_clk_div>.
Parsing module <mini_clk_div>.
Analyzing Verilog file "D:\Computer Engineering\Year2\Digital Fundumental\Dice_Random_Digital\Counter0_7.vf" into library work
Parsing module <CD4RE_HXILINX_Counter0_7>.
Parsing module <Counter0_7>.
Analyzing Verilog file "D:\Computer Engineering\Year2\Digital Fundumental\Dice_Random_Digital\Compare_divide2.vf" into library work
Parsing module <OR7_HXILINX_Compare_divide2>.
Parsing module <Compare_divide2>.
Analyzing Verilog file "D:\Computer Engineering\Year2\Digital Fundumental\Dice_Random_Digital\Clock_divider.vf" into library work
Parsing module <FJKC_HXILINX_Clock_divider>.
Parsing module <Clock_divider>.
Analyzing Verilog file "D:\Computer Engineering\Year2\Digital Fundumental\Dice_Random_Digital\BCD.vf" into library work
Parsing module <e_7_MUSER_BCD>.
Parsing module <g_7_MUSER_BCD>.
Parsing module <f_7_MUSER_BCD>.
Parsing module <d_7_MUSER_BCD>.
Parsing module <c_7_MUSER_BCD>.
Parsing module <b_7_MUSER_BCD>.
Parsing module <a_7_MUSER_BCD>.
Parsing module <BCD>.
Analyzing Verilog file "D:\Computer Engineering\Year2\Digital Fundumental\Dice_Random_Digital\Random00_99.vf" into library work
Parsing module <CD4RE_HXILINX_Random00_99>.
Parsing module <OR7_HXILINX_Random00_99>.
Parsing module <FJKC_HXILINX_Random00_99>.
Parsing module <M2_1_HXILINX_Random00_99>.
Parsing module <mini_clk_div_MUSER_Random00_99>.
Parsing module <Counter0_7_MUSER_Random00_99>.
Parsing module <Compare_divide2_MUSER_Random00_99>.
Parsing module <Multiplexer_new_MUSER_Random00_99>.
Parsing module <e_7_MUSER_Random00_99>.
Parsing module <g_7_MUSER_Random00_99>.
Parsing module <f_7_MUSER_Random00_99>.
Parsing module <d_7_MUSER_Random00_99>.
Parsing module <c_7_MUSER_Random00_99>.
Parsing module <b_7_MUSER_Random00_99>.
Parsing module <a_7_MUSER_Random00_99>.
Parsing module <BCD_MUSER_Random00_99>.
Parsing module <Clock_divider_MUSER_Random00_99>.
Parsing module <Random00_99>.

=========================================================================
*                            HDL Elaboration                            *
=========================================================================

Elaborating module <Random00_99>.

Elaborating module <AND2>.

Elaborating module <Clock_divider_MUSER_Random00_99>.

Elaborating module <FJKC_HXILINX_Random00_99>.

Elaborating module <GND>.

Elaborating module <VCC>.

Elaborating module <INV>.

Elaborating module <BCD_MUSER_Random00_99>.

Elaborating module <a_7_MUSER_Random00_99>.

Elaborating module <OR4>.

Elaborating module <b_7_MUSER_Random00_99>.

Elaborating module <OR3>.

Elaborating module <c_7_MUSER_Random00_99>.

Elaborating module <d_7_MUSER_Random00_99>.

Elaborating module <AND3>.

Elaborating module <OR5>.

Elaborating module <f_7_MUSER_Random00_99>.

Elaborating module <g_7_MUSER_Random00_99>.

Elaborating module <e_7_MUSER_Random00_99>.

Elaborating module <OR2>.

Elaborating module <Multiplexer_new_MUSER_Random00_99>.

Elaborating module <M2_1_HXILINX_Random00_99>.

Elaborating module <Compare_divide2_MUSER_Random00_99>.

Elaborating module <OR7_HXILINX_Random00_99>.

Elaborating module <Counter0_7_MUSER_Random00_99>.

Elaborating module <CD4RE_HXILINX_Random00_99>.
WARNING:HDLCompiler:413 - "D:\Computer Engineering\Year2\Digital Fundumental\Dice_Random_Digital\Random00_99.vf" Line 60: Result of 5-bit expression is truncated to fit in 4-bit target.

Elaborating module <AND4>.

Elaborating module <mini_clk_div_MUSER_Random00_99>.

=========================================================================
*                           HDL Synthesis                               *
=========================================================================

Synthesizing Unit <Random00_99>.
    Related source file is "D:\Computer Engineering\Year2\Digital Fundumental\Dice_Random_Digital\Random00_99.vf".
    Set property "HU_SET = XLXI_77_37" for instance <XLXI_77>.
    Summary:
	no macro.
Unit <Random00_99> synthesized.

Synthesizing Unit <Clock_divider_MUSER_Random00_99>.
    Related source file is "D:\Computer Engineering\Year2\Digital Fundumental\Dice_Random_Digital\Random00_99.vf".
    Set property "HU_SET = XLXI_1_29" for instance <XLXI_1>.
    Set property "HU_SET = XLXI_2_30" for instance <XLXI_2>.
    Set property "HU_SET = XLXI_3_31" for instance <XLXI_3>.
    Set property "HU_SET = XLXI_4_32" for instance <XLXI_4>.
    Set property "HU_SET = XLXI_5_33" for instance <XLXI_5>.
    Set property "HU_SET = XLXI_6_34" for instance <XLXI_6>.
    Set property "HU_SET = XLXI_7_35" for instance <XLXI_7>.
    Set property "HU_SET = XLXI_8_36" for instance <XLXI_8>.
    Summary:
	no macro.
Unit <Clock_divider_MUSER_Random00_99> synthesized.

Synthesizing Unit <FJKC_HXILINX_Random00_99>.
    Related source file is "D:\Computer Engineering\Year2\Digital Fundumental\Dice_Random_Digital\Random00_99.vf".
        INIT = 1'b0
    Found 1-bit register for signal <Q>.
    Summary:
	inferred   1 D-type flip-flop(s).
	inferred   2 Multiplexer(s).
Unit <FJKC_HXILINX_Random00_99> synthesized.

Synthesizing Unit <BCD_MUSER_Random00_99>.
    Related source file is "D:\Computer Engineering\Year2\Digital Fundumental\Dice_Random_Digital\Random00_99.vf".
    Summary:
	no macro.
Unit <BCD_MUSER_Random00_99> synthesized.

Synthesizing Unit <a_7_MUSER_Random00_99>.
    Related source file is "D:\Computer Engineering\Year2\Digital Fundumental\Dice_Random_Digital\Random00_99.vf".
    Summary:
	no macro.
Unit <a_7_MUSER_Random00_99> synthesized.

Synthesizing Unit <b_7_MUSER_Random00_99>.
    Related source file is "D:\Computer Engineering\Year2\Digital Fundumental\Dice_Random_Digital\Random00_99.vf".
    Summary:
	no macro.
Unit <b_7_MUSER_Random00_99> synthesized.

Synthesizing Unit <c_7_MUSER_Random00_99>.
    Related source file is "D:\Computer Engineering\Year2\Digital Fundumental\Dice_Random_Digital\Random00_99.vf".
    Summary:
	no macro.
Unit <c_7_MUSER_Random00_99> synthesized.

Synthesizing Unit <d_7_MUSER_Random00_99>.
    Related source file is "D:\Computer Engineering\Year2\Digital Fundumental\Dice_Random_Digital\Random00_99.vf".
    Summary:
	no macro.
Unit <d_7_MUSER_Random00_99> synthesized.

Synthesizing Unit <f_7_MUSER_Random00_99>.
    Related source file is "D:\Computer Engineering\Year2\Digital Fundumental\Dice_Random_Digital\Random00_99.vf".
    Summary:
	no macro.
Unit <f_7_MUSER_Random00_99> synthesized.

Synthesizing Unit <g_7_MUSER_Random00_99>.
    Related source file is "D:\Computer Engineering\Year2\Digital Fundumental\Dice_Random_Digital\Random00_99.vf".
    Summary:
	no macro.
Unit <g_7_MUSER_Random00_99> synthesized.

Synthesizing Unit <e_7_MUSER_Random00_99>.
    Related source file is "D:\Computer Engineering\Year2\Digital Fundumental\Dice_Random_Digital\Random00_99.vf".
    Summary:
	no macro.
Unit <e_7_MUSER_Random00_99> synthesized.

Synthesizing Unit <Multiplexer_new_MUSER_Random00_99>.
    Related source file is "D:\Computer Engineering\Year2\Digital Fundumental\Dice_Random_Digital\Random00_99.vf".
    Set property "HU_SET = XLXI_1_25" for instance <XLXI_1>.
    Set property "HU_SET = XLXI_2_26" for instance <XLXI_2>.
    Set property "HU_SET = XLXI_3_27" for instance <XLXI_3>.
    Set property "HU_SET = XLXI_4_28" for instance <XLXI_4>.
    Summary:
	no macro.
Unit <Multiplexer_new_MUSER_Random00_99> synthesized.

Synthesizing Unit <M2_1_HXILINX_Random00_99>.
    Related source file is "D:\Computer Engineering\Year2\Digital Fundumental\Dice_Random_Digital\Random00_99.vf".
    Summary:
	inferred   1 Multiplexer(s).
Unit <M2_1_HXILINX_Random00_99> synthesized.

Synthesizing Unit <Compare_divide2_MUSER_Random00_99>.
    Related source file is "D:\Computer Engineering\Year2\Digital Fundumental\Dice_Random_Digital\Random00_99.vf".
    Set property "HU_SET = XLXI_10_24" for instance <XLXI_10>.
    Summary:
	no macro.
Unit <Compare_divide2_MUSER_Random00_99> synthesized.

Synthesizing Unit <OR7_HXILINX_Random00_99>.
    Related source file is "D:\Computer Engineering\Year2\Digital Fundumental\Dice_Random_Digital\Random00_99.vf".
    Summary:
	no macro.
Unit <OR7_HXILINX_Random00_99> synthesized.

Synthesizing Unit <Counter0_7_MUSER_Random00_99>.
    Related source file is "D:\Computer Engineering\Year2\Digital Fundumental\Dice_Random_Digital\Random00_99.vf".
    Set property "HU_SET = XLXI_5_22" for instance <XLXI_5>.
    Set property "HU_SET = XLXI_6_23" for instance <XLXI_6>.
INFO:Xst:3210 - "D:\Computer Engineering\Year2\Digital Fundumental\Dice_Random_Digital\Random00_99.vf" line 231: Output port <CEO> of the instance <XLXI_5> is unconnected or connected to loadless signal.
INFO:Xst:3210 - "D:\Computer Engineering\Year2\Digital Fundumental\Dice_Random_Digital\Random00_99.vf" line 241: Output port <CEO> of the instance <XLXI_6> is unconnected or connected to loadless signal.
INFO:Xst:3210 - "D:\Computer Engineering\Year2\Digital Fundumental\Dice_Random_Digital\Random00_99.vf" line 241: Output port <TC> of the instance <XLXI_6> is unconnected or connected to loadless signal.
    Summary:
	no macro.
Unit <Counter0_7_MUSER_Random00_99> synthesized.

Synthesizing Unit <CD4RE_HXILINX_Random00_99>.
    Related source file is "D:\Computer Engineering\Year2\Digital Fundumental\Dice_Random_Digital\Random00_99.vf".
        TERMINAL_COUNT = 4'b1001
    Found 1-bit register for signal <Q1>.
    Found 1-bit register for signal <Q2>.
    Found 1-bit register for signal <Q3>.
    Found 1-bit register for signal <Q0>.
    Found 4-bit adder for signal <Q3_GND_26_o_add_5_OUT> created at line 60.
    Summary:
	inferred   1 Adder/Subtractor(s).
	inferred   4 D-type flip-flop(s).
	inferred   7 Multiplexer(s).
Unit <CD4RE_HXILINX_Random00_99> synthesized.

Synthesizing Unit <mini_clk_div_MUSER_Random00_99>.
    Related source file is "D:\Computer Engineering\Year2\Digital Fundumental\Dice_Random_Digital\Random00_99.vf".
    Set property "HU_SET = XLXI_1_20" for instance <XLXI_1>.
    Set property "HU_SET = XLXI_19_21" for instance <XLXI_19>.
    Summary:
	no macro.
Unit <mini_clk_div_MUSER_Random00_99> synthesized.

=========================================================================
HDL Synthesis Report

Macro Statistics
# Adders/Subtractors                                   : 2
 4-bit adder                                           : 2
# Registers                                            : 21
 1-bit register                                        : 19
 4-bit register                                        : 2
# Multiplexers                                         : 56
 1-bit 2-to-1 multiplexer                              : 56

=========================================================================

=========================================================================
*                       Advanced HDL Synthesis                          *
=========================================================================


=========================================================================
Advanced HDL Synthesis Report

Macro Statistics
# Adders/Subtractors                                   : 2
 4-bit adder                                           : 2
# Registers                                            : 27
 Flip-Flops                                            : 27
# Multiplexers                                         : 52
 1-bit 2-to-1 multiplexer                              : 52

=========================================================================

=========================================================================
*                         Low Level Synthesis                           *
=========================================================================

Optimizing unit <Clock_divider_MUSER_Random00_99> ...

Optimizing unit <Counter0_7_MUSER_Random00_99> ...

Optimizing unit <XLXI_70/XLXI_1> ...

Optimizing unit <XLXI_70/XLXI_2> ...

Optimizing unit <XLXI_70/XLXI_3> ...

Optimizing unit <XLXI_70/XLXI_4> ...

Optimizing unit <Random00_99> ...

Optimizing unit <FJKC_HXILINX_Random00_99> ...

Optimizing unit <CD4RE_HXILINX_Random00_99> ...

Optimizing unit <OR7_HXILINX_Random00_99> ...

Mapping all equations...
Building and optimizing final netlist ...
Found area constraint ratio of 100 (+ 5) on block Random00_99, actual ratio is 0.

Final Macro Processing ...

=========================================================================
Final Register Report

Macro Statistics
# Registers                                            : 27
 Flip-Flops                                            : 27

=========================================================================

=========================================================================
*                           Partition Report                            *
=========================================================================

Partition Implementation Status
-------------------------------

  No Partitions were found in this design.

-------------------------------

=========================================================================
*                            Design Summary                             *
=========================================================================

Top Level Output File Name         : Random00_99.ngc

Primitive and Black Box Usage:
------------------------------
# BELS                             : 102
#      AND2                        : 19
#      AND3                        : 1
#      AND4                        : 4
#      GND                         : 1
#      INV                         : 53
#      LUT2                        : 1
#      LUT3                        : 7
#      LUT4                        : 1
#      LUT5                        : 3
#      LUT6                        : 2
#      OR2                         : 2
#      OR3                         : 3
#      OR4                         : 3
#      OR5                         : 1
#      VCC                         : 1
# FlipFlops/Latches                : 27
#      FD                          : 4
#      FDC                         : 19
#      FDRE                        : 4
# Clock Buffers                    : 1
#      BUFGP                       : 1
# IO Buffers                       : 11
#      IBUF                        : 1
#      OBUF                        : 10

Device utilization summary:
---------------------------

Selected Device : 6slx9tqg144-3 


Slice Logic Utilization: 
 Number of Slice Registers:              27  out of  11440     0%  
 Number of Slice LUTs:                   67  out of   5720     1%  
    Number used as Logic:                67  out of   5720     1%  

Slice Logic Distribution: 
 Number of LUT Flip Flop pairs used:     94
   Number with an unused Flip Flop:      67  out of     94    71%  
   Number with an unused LUT:            27  out of     94    28%  
   Number of fully used LUT-FF pairs:     0  out of     94     0%  
   Number of unique control sets:        21

IO Utilization: 
 Number of IOs:                          12
 Number of bonded IOBs:                  12  out of    102    11%  

Specific Feature Utilization:
 Number of BUFG/BUFGCTRLs:                1  out of     16     6%  

---------------------------
Partition Resource Summary:
---------------------------

  No Partitions were found in this design.

---------------------------


=========================================================================
Timing Report

NOTE: THESE TIMING NUMBERS ARE ONLY A SYNTHESIS ESTIMATE.
      FOR ACCURATE TIMING INFORMATION PLEASE REFER TO THE TRACE REPORT
      GENERATED AFTER PLACE-and-ROUTE.

Clock Information:
------------------
---------------------------------------------+---------------------------+-------+
Clock Signal                                 | Clock buffer(FF name)     | Load  |
---------------------------------------------+---------------------------+-------+
XLXI_8/XLXI_7/Q                              | NONE(XLXI_8/XLXI_8/Q)     | 1     |
XLXI_8/XLXI_6/Q                              | NONE(XLXI_8/XLXI_7/Q)     | 1     |
XLXI_8/XLXI_5/Q                              | NONE(XLXI_8/XLXI_6/Q)     | 1     |
XLXI_8/XLXI_4/Q                              | NONE(XLXI_8/XLXI_5/Q)     | 1     |
XLXI_8/XLXI_3/Q                              | NONE(XLXI_8/XLXI_4/Q)     | 1     |
XLXI_8/XLXI_2/Q                              | NONE(XLXI_8/XLXI_3/Q)     | 1     |
XLXI_8/XLXI_1/Q                              | NONE(XLXI_8/XLXI_2/Q)     | 1     |
OSC_normal                                   | BUFGP                     | 1     |
XLXI_62/XLXI_7/Q                             | NONE(XLXI_62/XLXI_8/Q)    | 1     |
XLXI_62/XLXI_6/Q                             | NONE(XLXI_62/XLXI_7/Q)    | 1     |
XLXI_62/XLXI_5/Q                             | NONE(XLXI_62/XLXI_6/Q)    | 1     |
XLXI_62/XLXI_4/Q                             | NONE(XLXI_62/XLXI_5/Q)    | 1     |
XLXI_62/XLXI_3/Q                             | NONE(XLXI_62/XLXI_4/Q)    | 1     |
XLXI_62/XLXI_2/Q                             | NONE(XLXI_62/XLXI_3/Q)    | 1     |
XLXI_62/XLXI_1/Q                             | NONE(XLXI_62/XLXI_2/Q)    | 1     |
XLXI_8/XLXI_8/Q                              | NONE(XLXI_62/XLXI_1/Q)    | 1     |
XLXI_75/XLXI_1/Q                             | NONE(XLXI_75/XLXI_19/Q)   | 1     |
XLXI_62/XLXI_8/Q                             | NONE(XLXI_75/XLXI_1/Q)    | 1     |
XLXI_75/XLXI_19/Q                            | NONE(XLXI_77/Q)           | 1     |
XLXI_72/XLXI_5/TC(XLXI_72/XLXI_5/Mmux_TC11:O)| NONE(*)(XLXI_72/XLXI_6/Q0)| 4     |
XLXN_1(XLXI_5:O)                             | NONE(*)(XLXI_72/XLXI_5/Q0)| 4     |
---------------------------------------------+---------------------------+-------+
(*) These 2 clock signal(s) are generated by combinatorial logic,
and XST is not able to identify which are the primary clock signals.
Please use the CLOCK_SIGNAL constraint to specify the clock signal(s) generated by combinatorial logic.
INFO:Xst:2169 - HDL ADVISOR - Some clock signals were not automatically buffered by XST with BUFG/BUFR resources. Please use the buffer_type constraint in order to insert these buffers to the clock signals to help prevent skew problems.

Asynchronous Control Signals Information:
----------------------------------------
No asynchronous control signals found in this design

Timing Summary:
---------------
Speed Grade: -3

   Minimum period: 7.605ns (Maximum Frequency: 131.487MHz)
   Minimum input arrival time before clock: No path found
   Maximum output required time after clock: 8.627ns
   Maximum combinational path delay: 6.703ns

Timing Details:
---------------
All values displayed in nanoseconds (ns)

=========================================================================
Timing constraint: Default period analysis for Clock 'XLXI_8/XLXI_7/Q'
  Clock period: 1.950ns (frequency: 512.794MHz)
  Total number of paths / destination ports: 1 / 1
-------------------------------------------------------------------------
Delay:               1.950ns (Levels of Logic = 1)
  Source:            XLXI_8/XLXI_8/Q (FF)
  Destination:       XLXI_8/XLXI_8/Q (FF)
  Source Clock:      XLXI_8/XLXI_7/Q rising
  Destination Clock: XLXI_8/XLXI_7/Q rising

  Data Path: XLXI_8/XLXI_8/Q to XLXI_8/XLXI_8/Q
                                Gate     Net
    Cell:in->out      fanout   Delay   Delay  Logical Name (Net Name)
    ----------------------------------------  ------------
     FDC:C->Q              2   0.447   0.616  Q (Q)
     INV:I->O              1   0.206   0.579  Mmux_Q_Q_MUX_3_o11_INV_0 (Q_Q_MUX_3_o)
     FDC:D                     0.102          Q
    ----------------------------------------
    Total                      1.950ns (0.755ns logic, 1.195ns route)
                                       (38.7% logic, 61.3% route)

=========================================================================
Timing constraint: Default period analysis for Clock 'XLXI_8/XLXI_6/Q'
  Clock period: 1.950ns (frequency: 512.794MHz)
  Total number of paths / destination ports: 1 / 1
-------------------------------------------------------------------------
Delay:               1.950ns (Levels of Logic = 1)
  Source:            XLXI_8/XLXI_7/Q (FF)
  Destination:       XLXI_8/XLXI_7/Q (FF)
  Source Clock:      XLXI_8/XLXI_6/Q rising
  Destination Clock: XLXI_8/XLXI_6/Q rising

  Data Path: XLXI_8/XLXI_7/Q to XLXI_8/XLXI_7/Q
                                Gate     Net
    Cell:in->out      fanout   Delay   Delay  Logical Name (Net Name)
    ----------------------------------------  ------------
     FDC:C->Q              2   0.447   0.616  Q (Q)
     INV:I->O              1   0.206   0.579  Mmux_Q_Q_MUX_3_o11_INV_0 (Q_Q_MUX_3_o)
     FDC:D                     0.102          Q
    ----------------------------------------
    Total                      1.950ns (0.755ns logic, 1.195ns route)
                                       (38.7% logic, 61.3% route)

=========================================================================
Timing constraint: Default period analysis for Clock 'XLXI_8/XLXI_5/Q'
  Clock period: 1.950ns (frequency: 512.794MHz)
  Total number of paths / destination ports: 1 / 1
-------------------------------------------------------------------------
Delay:               1.950ns (Levels of Logic = 1)
  Source:            XLXI_8/XLXI_6/Q (FF)
  Destination:       XLXI_8/XLXI_6/Q (FF)
  Source Clock:      XLXI_8/XLXI_5/Q rising
  Destination Clock: XLXI_8/XLXI_5/Q rising

  Data Path: XLXI_8/XLXI_6/Q to XLXI_8/XLXI_6/Q
                                Gate     Net
    Cell:in->out      fanout   Delay   Delay  Logical Name (Net Name)
    ----------------------------------------  ------------
     FDC:C->Q              2   0.447   0.616  Q (Q)
     INV:I->O              1   0.206   0.579  Mmux_Q_Q_MUX_3_o11_INV_0 (Q_Q_MUX_3_o)
     FDC:D                     0.102          Q
    ----------------------------------------
    Total                      1.950ns (0.755ns logic, 1.195ns route)
                                       (38.7% logic, 61.3% route)

=========================================================================
Timing constraint: Default period analysis for Clock 'XLXI_8/XLXI_4/Q'
  Clock period: 1.950ns (frequency: 512.794MHz)
  Total number of paths / destination ports: 1 / 1
-------------------------------------------------------------------------
Delay:               1.950ns (Levels of Logic = 1)
  Source:            XLXI_8/XLXI_5/Q (FF)
  Destination:       XLXI_8/XLXI_5/Q (FF)
  Source Clock:      XLXI_8/XLXI_4/Q rising
  Destination Clock: XLXI_8/XLXI_4/Q rising

  Data Path: XLXI_8/XLXI_5/Q to XLXI_8/XLXI_5/Q
                                Gate     Net
    Cell:in->out      fanout   Delay   Delay  Logical Name (Net Name)
    ----------------------------------------  ------------
     FDC:C->Q              2   0.447   0.616  Q (Q)
     INV:I->O              1   0.206   0.579  Mmux_Q_Q_MUX_3_o11_INV_0 (Q_Q_MUX_3_o)
     FDC:D                     0.102          Q
    ----------------------------------------
    Total                      1.950ns (0.755ns logic, 1.195ns route)
                                       (38.7% logic, 61.3% route)

=========================================================================
Timing constraint: Default period analysis for Clock 'XLXI_8/XLXI_3/Q'
  Clock period: 1.950ns (frequency: 512.794MHz)
  Total number of paths / destination ports: 1 / 1
-------------------------------------------------------------------------
Delay:               1.950ns (Levels of Logic = 1)
  Source:            XLXI_8/XLXI_4/Q (FF)
  Destination:       XLXI_8/XLXI_4/Q (FF)
  Source Clock:      XLXI_8/XLXI_3/Q rising
  Destination Clock: XLXI_8/XLXI_3/Q rising

  Data Path: XLXI_8/XLXI_4/Q to XLXI_8/XLXI_4/Q
                                Gate     Net
    Cell:in->out      fanout   Delay   Delay  Logical Name (Net Name)
    ----------------------------------------  ------------
     FDC:C->Q              2   0.447   0.616  Q (Q)
     INV:I->O              1   0.206   0.579  Mmux_Q_Q_MUX_3_o11_INV_0 (Q_Q_MUX_3_o)
     FDC:D                     0.102          Q
    ----------------------------------------
    Total                      1.950ns (0.755ns logic, 1.195ns route)
                                       (38.7% logic, 61.3% route)

=========================================================================
Timing constraint: Default period analysis for Clock 'XLXI_8/XLXI_2/Q'
  Clock period: 1.950ns (frequency: 512.794MHz)
  Total number of paths / destination ports: 1 / 1
-------------------------------------------------------------------------
Delay:               1.950ns (Levels of Logic = 1)
  Source:            XLXI_8/XLXI_3/Q (FF)
  Destination:       XLXI_8/XLXI_3/Q (FF)
  Source Clock:      XLXI_8/XLXI_2/Q rising
  Destination Clock: XLXI_8/XLXI_2/Q rising

  Data Path: XLXI_8/XLXI_3/Q to XLXI_8/XLXI_3/Q
                                Gate     Net
    Cell:in->out      fanout   Delay   Delay  Logical Name (Net Name)
    ----------------------------------------  ------------
     FDC:C->Q              2   0.447   0.616  Q (Q)
     INV:I->O              1   0.206   0.579  Mmux_Q_Q_MUX_3_o11_INV_0 (Q_Q_MUX_3_o)
     FDC:D                     0.102          Q
    ----------------------------------------
    Total                      1.950ns (0.755ns logic, 1.195ns route)
                                       (38.7% logic, 61.3% route)

=========================================================================
Timing constraint: Default period analysis for Clock 'XLXI_8/XLXI_1/Q'
  Clock period: 1.950ns (frequency: 512.794MHz)
  Total number of paths / destination ports: 1 / 1
-------------------------------------------------------------------------
Delay:               1.950ns (Levels of Logic = 1)
  Source:            XLXI_8/XLXI_2/Q (FF)
  Destination:       XLXI_8/XLXI_2/Q (FF)
  Source Clock:      XLXI_8/XLXI_1/Q rising
  Destination Clock: XLXI_8/XLXI_1/Q rising

  Data Path: XLXI_8/XLXI_2/Q to XLXI_8/XLXI_2/Q
                                Gate     Net
    Cell:in->out      fanout   Delay   Delay  Logical Name (Net Name)
    ----------------------------------------  ------------
     FDC:C->Q              2   0.447   0.616  Q (Q)
     INV:I->O              1   0.206   0.579  Mmux_Q_Q_MUX_3_o11_INV_0 (Q_Q_MUX_3_o)
     FDC:D                     0.102          Q
    ----------------------------------------
    Total                      1.950ns (0.755ns logic, 1.195ns route)
                                       (38.7% logic, 61.3% route)

=========================================================================
Timing constraint: Default period analysis for Clock 'OSC_normal'
  Clock period: 1.950ns (frequency: 512.794MHz)
  Total number of paths / destination ports: 1 / 1
-------------------------------------------------------------------------
Delay:               1.950ns (Levels of Logic = 1)
  Source:            XLXI_8/XLXI_1/Q (FF)
  Destination:       XLXI_8/XLXI_1/Q (FF)
  Source Clock:      OSC_normal rising
  Destination Clock: OSC_normal rising

  Data Path: XLXI_8/XLXI_1/Q to XLXI_8/XLXI_1/Q
                                Gate     Net
    Cell:in->out      fanout   Delay   Delay  Logical Name (Net Name)
    ----------------------------------------  ------------
     FDC:C->Q              2   0.447   0.616  Q (Q)
     INV:I->O              1   0.206   0.579  Mmux_Q_Q_MUX_3_o11_INV_0 (Q_Q_MUX_3_o)
     FDC:D                     0.102          Q
    ----------------------------------------
    Total                      1.950ns (0.755ns logic, 1.195ns route)
                                       (38.7% logic, 61.3% route)

=========================================================================
Timing constraint: Default period analysis for Clock 'XLXI_62/XLXI_7/Q'
  Clock period: 1.950ns (frequency: 512.794MHz)
  Total number of paths / destination ports: 1 / 1
-------------------------------------------------------------------------
Delay:               1.950ns (Levels of Logic = 1)
  Source:            XLXI_62/XLXI_8/Q (FF)
  Destination:       XLXI_62/XLXI_8/Q (FF)
  Source Clock:      XLXI_62/XLXI_7/Q rising
  Destination Clock: XLXI_62/XLXI_7/Q rising

  Data Path: XLXI_62/XLXI_8/Q to XLXI_62/XLXI_8/Q
                                Gate     Net
    Cell:in->out      fanout   Delay   Delay  Logical Name (Net Name)
    ----------------------------------------  ------------
     FDC:C->Q              2   0.447   0.616  Q (Q)
     INV:I->O              1   0.206   0.579  Mmux_Q_Q_MUX_3_o11_INV_0 (Q_Q_MUX_3_o)
     FDC:D                     0.102          Q
    ----------------------------------------
    Total                      1.950ns (0.755ns logic, 1.195ns route)
                                       (38.7% logic, 61.3% route)

=========================================================================
Timing constraint: Default period analysis for Clock 'XLXI_62/XLXI_6/Q'
  Clock period: 1.950ns (frequency: 512.794MHz)
  Total number of paths / destination ports: 1 / 1
-------------------------------------------------------------------------
Delay:               1.950ns (Levels of Logic = 1)
  Source:            XLXI_62/XLXI_7/Q (FF)
  Destination:       XLXI_62/XLXI_7/Q (FF)
  Source Clock:      XLXI_62/XLXI_6/Q rising
  Destination Clock: XLXI_62/XLXI_6/Q rising

  Data Path: XLXI_62/XLXI_7/Q to XLXI_62/XLXI_7/Q
                                Gate     Net
    Cell:in->out      fanout   Delay   Delay  Logical Name (Net Name)
    ----------------------------------------  ------------
     FDC:C->Q              2   0.447   0.616  Q (Q)
     INV:I->O              1   0.206   0.579  Mmux_Q_Q_MUX_3_o11_INV_0 (Q_Q_MUX_3_o)
     FDC:D                     0.102          Q
    ----------------------------------------
    Total                      1.950ns (0.755ns logic, 1.195ns route)
                                       (38.7% logic, 61.3% route)

=========================================================================
Timing constraint: Default period analysis for Clock 'XLXI_62/XLXI_5/Q'
  Clock period: 1.950ns (frequency: 512.794MHz)
  Total number of paths / destination ports: 1 / 1
-------------------------------------------------------------------------
Delay:               1.950ns (Levels of Logic = 1)
  Source:            XLXI_62/XLXI_6/Q (FF)
  Destination:       XLXI_62/XLXI_6/Q (FF)
  Source Clock:      XLXI_62/XLXI_5/Q rising
  Destination Clock: XLXI_62/XLXI_5/Q rising

  Data Path: XLXI_62/XLXI_6/Q to XLXI_62/XLXI_6/Q
                                Gate     Net
    Cell:in->out      fanout   Delay   Delay  Logical Name (Net Name)
    ----------------------------------------  ------------
     FDC:C->Q              2   0.447   0.616  Q (Q)
     INV:I->O              1   0.206   0.579  Mmux_Q_Q_MUX_3_o11_INV_0 (Q_Q_MUX_3_o)
     FDC:D                     0.102          Q
    ----------------------------------------
    Total                      1.950ns (0.755ns logic, 1.195ns route)
                                       (38.7% logic, 61.3% route)

=========================================================================
Timing constraint: Default period analysis for Clock 'XLXI_62/XLXI_4/Q'
  Clock period: 1.950ns (frequency: 512.794MHz)
  Total number of paths / destination ports: 1 / 1
-------------------------------------------------------------------------
Delay:               1.950ns (Levels of Logic = 1)
  Source:            XLXI_62/XLXI_5/Q (FF)
  Destination:       XLXI_62/XLXI_5/Q (FF)
  Source Clock:      XLXI_62/XLXI_4/Q rising
  Destination Clock: XLXI_62/XLXI_4/Q rising

  Data Path: XLXI_62/XLXI_5/Q to XLXI_62/XLXI_5/Q
                                Gate     Net
    Cell:in->out      fanout   Delay   Delay  Logical Name (Net Name)
    ----------------------------------------  ------------
     FDC:C->Q              2   0.447   0.616  Q (Q)
     INV:I->O              1   0.206   0.579  Mmux_Q_Q_MUX_3_o11_INV_0 (Q_Q_MUX_3_o)
     FDC:D                     0.102          Q
    ----------------------------------------
    Total                      1.950ns (0.755ns logic, 1.195ns route)
                                       (38.7% logic, 61.3% route)

=========================================================================
Timing constraint: Default period analysis for Clock 'XLXI_62/XLXI_3/Q'
  Clock period: 1.950ns (frequency: 512.794MHz)
  Total number of paths / destination ports: 1 / 1
-------------------------------------------------------------------------
Delay:               1.950ns (Levels of Logic = 1)
  Source:            XLXI_62/XLXI_4/Q (FF)
  Destination:       XLXI_62/XLXI_4/Q (FF)
  Source Clock:      XLXI_62/XLXI_3/Q rising
  Destination Clock: XLXI_62/XLXI_3/Q rising

  Data Path: XLXI_62/XLXI_4/Q to XLXI_62/XLXI_4/Q
                                Gate     Net
    Cell:in->out      fanout   Delay   Delay  Logical Name (Net Name)
    ----------------------------------------  ------------
     FDC:C->Q              2   0.447   0.616  Q (Q)
     INV:I->O              1   0.206   0.579  Mmux_Q_Q_MUX_3_o11_INV_0 (Q_Q_MUX_3_o)
     FDC:D                     0.102          Q
    ----------------------------------------
    Total                      1.950ns (0.755ns logic, 1.195ns route)
                                       (38.7% logic, 61.3% route)

=========================================================================
Timing constraint: Default period analysis for Clock 'XLXI_62/XLXI_2/Q'
  Clock period: 1.950ns (frequency: 512.794MHz)
  Total number of paths / destination ports: 1 / 1
-------------------------------------------------------------------------
Delay:               1.950ns (Levels of Logic = 1)
  Source:            XLXI_62/XLXI_3/Q (FF)
  Destination:       XLXI_62/XLXI_3/Q (FF)
  Source Clock:      XLXI_62/XLXI_2/Q rising
  Destination Clock: XLXI_62/XLXI_2/Q rising

  Data Path: XLXI_62/XLXI_3/Q to XLXI_62/XLXI_3/Q
                                Gate     Net
    Cell:in->out      fanout   Delay   Delay  Logical Name (Net Name)
    ----------------------------------------  ------------
     FDC:C->Q              2   0.447   0.616  Q (Q)
     INV:I->O              1   0.206   0.579  Mmux_Q_Q_MUX_3_o11_INV_0 (Q_Q_MUX_3_o)
     FDC:D                     0.102          Q
    ----------------------------------------
    Total                      1.950ns (0.755ns logic, 1.195ns route)
                                       (38.7% logic, 61.3% route)

=========================================================================
Timing constraint: Default period analysis for Clock 'XLXI_62/XLXI_1/Q'
  Clock period: 1.950ns (frequency: 512.794MHz)
  Total number of paths / destination ports: 1 / 1
-------------------------------------------------------------------------
Delay:               1.950ns (Levels of Logic = 1)
  Source:            XLXI_62/XLXI_2/Q (FF)
  Destination:       XLXI_62/XLXI_2/Q (FF)
  Source Clock:      XLXI_62/XLXI_1/Q rising
  Destination Clock: XLXI_62/XLXI_1/Q rising

  Data Path: XLXI_62/XLXI_2/Q to XLXI_62/XLXI_2/Q
                                Gate     Net
    Cell:in->out      fanout   Delay   Delay  Logical Name (Net Name)
    ----------------------------------------  ------------
     FDC:C->Q              2   0.447   0.616  Q (Q)
     INV:I->O              1   0.206   0.579  Mmux_Q_Q_MUX_3_o11_INV_0 (Q_Q_MUX_3_o)
     FDC:D                     0.102          Q
    ----------------------------------------
    Total                      1.950ns (0.755ns logic, 1.195ns route)
                                       (38.7% logic, 61.3% route)

=========================================================================
Timing constraint: Default period analysis for Clock 'XLXI_8/XLXI_8/Q'
  Clock period: 1.950ns (frequency: 512.794MHz)
  Total number of paths / destination ports: 1 / 1
-------------------------------------------------------------------------
Delay:               1.950ns (Levels of Logic = 1)
  Source:            XLXI_62/XLXI_1/Q (FF)
  Destination:       XLXI_62/XLXI_1/Q (FF)
  Source Clock:      XLXI_8/XLXI_8/Q rising
  Destination Clock: XLXI_8/XLXI_8/Q rising

  Data Path: XLXI_62/XLXI_1/Q to XLXI_62/XLXI_1/Q
                                Gate     Net
    Cell:in->out      fanout   Delay   Delay  Logical Name (Net Name)
    ----------------------------------------  ------------
     FDC:C->Q              2   0.447   0.616  Q (Q)
     INV:I->O              1   0.206   0.579  Mmux_Q_Q_MUX_3_o11_INV_0 (Q_Q_MUX_3_o)
     FDC:D                     0.102          Q
    ----------------------------------------
    Total                      1.950ns (0.755ns logic, 1.195ns route)
                                       (38.7% logic, 61.3% route)

=========================================================================
Timing constraint: Default period analysis for Clock 'XLXI_75/XLXI_1/Q'
  Clock period: 1.950ns (frequency: 512.794MHz)
  Total number of paths / destination ports: 1 / 1
-------------------------------------------------------------------------
Delay:               1.950ns (Levels of Logic = 1)
  Source:            XLXI_75/XLXI_19/Q (FF)
  Destination:       XLXI_75/XLXI_19/Q (FF)
  Source Clock:      XLXI_75/XLXI_1/Q rising
  Destination Clock: XLXI_75/XLXI_1/Q rising

  Data Path: XLXI_75/XLXI_19/Q to XLXI_75/XLXI_19/Q
                                Gate     Net
    Cell:in->out      fanout   Delay   Delay  Logical Name (Net Name)
    ----------------------------------------  ------------
     FDC:C->Q              2   0.447   0.616  Q (Q)
     INV:I->O              1   0.206   0.579  Mmux_Q_Q_MUX_3_o11_INV_0 (Q_Q_MUX_3_o)
     FDC:D                     0.102          Q
    ----------------------------------------
    Total                      1.950ns (0.755ns logic, 1.195ns route)
                                       (38.7% logic, 61.3% route)

=========================================================================
Timing constraint: Default period analysis for Clock 'XLXI_62/XLXI_8/Q'
  Clock period: 1.950ns (frequency: 512.794MHz)
  Total number of paths / destination ports: 1 / 1
-------------------------------------------------------------------------
Delay:               1.950ns (Levels of Logic = 1)
  Source:            XLXI_75/XLXI_1/Q (FF)
  Destination:       XLXI_75/XLXI_1/Q (FF)
  Source Clock:      XLXI_62/XLXI_8/Q rising
  Destination Clock: XLXI_62/XLXI_8/Q rising

  Data Path: XLXI_75/XLXI_1/Q to XLXI_75/XLXI_1/Q
                                Gate     Net
    Cell:in->out      fanout   Delay   Delay  Logical Name (Net Name)
    ----------------------------------------  ------------
     FDC:C->Q              2   0.447   0.616  Q (Q)
     INV:I->O              1   0.206   0.579  Mmux_Q_Q_MUX_3_o11_INV_0 (Q_Q_MUX_3_o)
     FDC:D                     0.102          Q
    ----------------------------------------
    Total                      1.950ns (0.755ns logic, 1.195ns route)
                                       (38.7% logic, 61.3% route)

=========================================================================
Timing constraint: Default period analysis for Clock 'XLXI_75/XLXI_19/Q'
  Clock period: 2.135ns (frequency: 468.296MHz)
  Total number of paths / destination ports: 1 / 1
-------------------------------------------------------------------------
Delay:               2.135ns (Levels of Logic = 1)
  Source:            XLXI_77/Q (FF)
  Destination:       XLXI_77/Q (FF)
  Source Clock:      XLXI_75/XLXI_19/Q rising
  Destination Clock: XLXI_75/XLXI_19/Q rising

  Data Path: XLXI_77/Q to XLXI_77/Q
                                Gate     Net
    Cell:in->out      fanout   Delay   Delay  Logical Name (Net Name)
    ----------------------------------------  ------------
     FDC:C->Q              8   0.447   0.802  Q (Q)
     INV:I->O              1   0.206   0.579  Mmux_Q_Q_MUX_3_o11_INV_0 (Q_Q_MUX_3_o)
     FDC:D                     0.102          Q
    ----------------------------------------
    Total                      2.135ns (0.755ns logic, 1.380ns route)
                                       (35.4% logic, 64.6% route)

=========================================================================
Timing constraint: Default period analysis for Clock 'XLXI_72/XLXI_5/TC'
  Clock period: 7.605ns (frequency: 131.487MHz)
  Total number of paths / destination ports: 107 / 4
-------------------------------------------------------------------------
Delay:               7.605ns (Levels of Logic = 7)
  Source:            XLXI_72/XLXI_6/Q0 (FF)
  Destination:       XLXI_72/XLXI_6/Q0 (FF)
  Source Clock:      XLXI_72/XLXI_5/TC rising
  Destination Clock: XLXI_72/XLXI_5/TC rising

  Data Path: XLXI_72/XLXI_6/Q0 to XLXI_72/XLXI_6/Q0
                                Gate     Net
    Cell:in->out      fanout   Delay   Delay  Logical Name (Net Name)
    ----------------------------------------  ------------
     FD:C->Q               9   0.447   0.829  Q0 (Q0)
     end scope: 'XLXI_72/XLXI_6:Q0'
     INV:I->O              1   0.568   0.808  XLXI_72/XLXI_26 (XLXI_72/XLXN_72)
     AND4:I3->O            1   0.339   0.944  XLXI_72/XLXI_37 (XLXI_72/XLXN_114)
     OR3:I0->O             2   0.203   0.981  XLXI_72/XLXI_30 (XLXI_72/XLXN_112)
     AND2:I0->O            1   0.203   0.924  XLXI_72/XLXI_25 (XLXI_72/XLXN_74)
     OR2:I1->O             9   0.223   0.830  XLXI_72/XLXI_27 (XLXI_72/XLXN_77)
     begin scope: 'XLXI_72/XLXI_6:R'
     LUT3:I2->O            1   0.205   0.000  Q0_rstpot1 (Q0_rstpot1)
     FD:D                      0.102          Q0
    ----------------------------------------
    Total                      7.605ns (2.290ns logic, 5.315ns route)
                                       (30.1% logic, 69.9% route)

=========================================================================
Timing constraint: Default period analysis for Clock 'XLXN_1'
  Clock period: 6.487ns (frequency: 154.156MHz)
  Total number of paths / destination ports: 27 / 8
-------------------------------------------------------------------------
Delay:               6.487ns (Levels of Logic = 5)
  Source:            XLXI_72/XLXI_5/Q1 (FF)
  Destination:       XLXI_72/XLXI_5/Q0 (FF)
  Source Clock:      XLXN_1 rising
  Destination Clock: XLXN_1 rising

  Data Path: XLXI_72/XLXI_5/Q1 to XLXI_72/XLXI_5/Q0
                                Gate     Net
    Cell:in->out      fanout   Delay   Delay  Logical Name (Net Name)
    ----------------------------------------  ------------
     FDRE:C->Q             7   0.447   0.773  Q1 (Q1)
     end scope: 'XLXI_72/XLXI_5:Q1'
     INV:I->O              1   0.568   0.827  XLXI_72/XLXI_19 (XLXI_72/XLXN_46)
     AND4:I2->O            1   0.320   0.924  XLXI_72/XLXI_17 (XLXI_72/XLXN_58)
     AND2:I1->O            1   0.223   0.924  XLXI_72/XLXI_25 (XLXI_72/XLXN_74)
     OR2:I1->O             9   0.223   0.829  XLXI_72/XLXI_27 (XLXI_72/XLXN_77)
     begin scope: 'XLXI_72/XLXI_5:R'
     FDRE:R                    0.430          Q0
    ----------------------------------------
    Total                      6.487ns (2.211ns logic, 4.276ns route)
                                       (34.1% logic, 65.9% route)

=========================================================================
Timing constraint: Default OFFSET OUT AFTER for Clock 'XLXI_72/XLXI_5/TC'
  Total number of paths / destination ports: 46 / 8
-------------------------------------------------------------------------
Offset:              8.426ns (Levels of Logic = 7)
  Source:            XLXI_72/XLXI_6/Q0 (FF)
  Destination:       a (PAD)
  Source Clock:      XLXI_72/XLXI_5/TC rising

  Data Path: XLXI_72/XLXI_6/Q0 to a
                                Gate     Net
    Cell:in->out      fanout   Delay   Delay  Logical Name (Net Name)
    ----------------------------------------  ------------
     FD:C->Q               9   0.447   0.830  Q0 (Q0)
     end scope: 'XLXI_72/XLXI_6:Q0'
     begin scope: 'XLXI_70/XLXI_1:D1'
     LUT3:I2->O           13   0.205   0.932  Mmux_O11 (O)
     end scope: 'XLXI_70/XLXI_1:O'
     INV:I->O              1   0.568   0.944  XLXI_68/XLXI_1/XLXI_5 (XLXI_68/XLXI_1/XLXN_10)
     AND2:I0->O            1   0.203   0.944  XLXI_68/XLXI_1/XLXI_2 (XLXI_68/XLXI_1/XLXN_13)
     OR4:I0->O             1   0.203   0.579  XLXI_68/XLXI_1/XLXI_3 (a_OBUF)
     OBUF:I->O                 2.571          a_OBUF (a)
    ----------------------------------------
    Total                      8.426ns (4.197ns logic, 4.229ns route)
                                       (49.8% logic, 50.2% route)

=========================================================================
Timing constraint: Default OFFSET OUT AFTER for Clock 'XLXN_1'
  Total number of paths / destination ports: 46 / 8
-------------------------------------------------------------------------
Offset:              8.501ns (Levels of Logic = 7)
  Source:            XLXI_72/XLXI_5/Q0 (FF)
  Destination:       a (PAD)
  Source Clock:      XLXN_1 rising

  Data Path: XLXI_72/XLXI_5/Q0 to a
                                Gate     Net
    Cell:in->out      fanout   Delay   Delay  Logical Name (Net Name)
    ----------------------------------------  ------------
     FDRE:C->Q             8   0.447   0.907  Q0 (Q0)
     end scope: 'XLXI_72/XLXI_5:Q0'
     begin scope: 'XLXI_70/XLXI_1:D0'
     LUT3:I1->O           13   0.203   0.932  Mmux_O11 (O)
     end scope: 'XLXI_70/XLXI_1:O'
     INV:I->O              1   0.568   0.944  XLXI_68/XLXI_1/XLXI_5 (XLXI_68/XLXI_1/XLXN_10)
     AND2:I0->O            1   0.203   0.944  XLXI_68/XLXI_1/XLXI_2 (XLXI_68/XLXI_1/XLXN_13)
     OR4:I0->O             1   0.203   0.579  XLXI_68/XLXI_1/XLXI_3 (a_OBUF)
     OBUF:I->O                 2.571          a_OBUF (a)
    ----------------------------------------
    Total                      8.501ns (4.195ns logic, 4.306ns route)
                                       (49.3% logic, 50.7% route)

=========================================================================
Timing constraint: Default OFFSET OUT AFTER for Clock 'XLXI_75/XLXI_19/Q'
  Total number of paths / destination ports: 44 / 9
-------------------------------------------------------------------------
Offset:              8.627ns (Levels of Logic = 7)
  Source:            XLXI_77/Q (FF)
  Destination:       a (PAD)
  Source Clock:      XLXI_75/XLXI_19/Q rising

  Data Path: XLXI_77/Q to a
                                Gate     Net
    Cell:in->out      fanout   Delay   Delay  Logical Name (Net Name)
    ----------------------------------------  ------------
     FDC:C->Q              8   0.447   1.031  Q (Q)
     end scope: 'XLXI_77:Q'
     begin scope: 'XLXI_70/XLXI_3:S0'
     LUT3:I0->O           13   0.205   0.932  Mmux_O11 (O)
     end scope: 'XLXI_70/XLXI_3:O'
     INV:I->O              1   0.568   0.924  XLXI_68/XLXI_1/XLXI_4 (XLXI_68/XLXI_1/XLXN_9)
     AND2:I1->O            1   0.223   0.944  XLXI_68/XLXI_1/XLXI_2 (XLXI_68/XLXI_1/XLXN_13)
     OR4:I0->O             1   0.203   0.579  XLXI_68/XLXI_1/XLXI_3 (a_OBUF)
     OBUF:I->O                 2.571          a_OBUF (a)
    ----------------------------------------
    Total                      8.627ns (4.217ns logic, 4.410ns route)
                                       (48.9% logic, 51.1% route)

=========================================================================
Timing constraint: Default path analysis
  Total number of paths / destination ports: 1 / 1
-------------------------------------------------------------------------
Delay:               6.703ns (Levels of Logic = 4)
  Source:            SW (PAD)
  Destination:       Buzzer_alarm (PAD)

  Data Path: SW to Buzzer_alarm
                                Gate     Net
    Cell:in->out      fanout   Delay   Delay  Logical Name (Net Name)
    ----------------------------------------  ------------
     IBUF:I->O             2   1.222   0.616  SW_IBUF (SW_IBUF)
     INV:I->O              1   0.568   0.944  XLXI_41 (XLXN_173)
     AND2:I0->O            1   0.203   0.579  XLXI_40 (Buzzer_alarm_OBUF)
     OBUF:I->O                 2.571          Buzzer_alarm_OBUF (Buzzer_alarm)
    ----------------------------------------
    Total                      6.703ns (4.564ns logic, 2.139ns route)
                                       (68.1% logic, 31.9% route)

=========================================================================

Cross Clock Domains Report:
--------------------------

Clock to Setup on destination clock OSC_normal
---------------+---------+---------+---------+---------+
               | Src:Rise| Src:Fall| Src:Rise| Src:Fall|
Source Clock   |Dest:Rise|Dest:Rise|Dest:Fall|Dest:Fall|
---------------+---------+---------+---------+---------+
OSC_normal     |    1.950|         |         |         |
---------------+---------+---------+---------+---------+

Clock to Setup on destination clock XLXI_62/XLXI_1/Q
----------------+---------+---------+---------+---------+
                | Src:Rise| Src:Fall| Src:Rise| Src:Fall|
Source Clock    |Dest:Rise|Dest:Rise|Dest:Fall|Dest:Fall|
----------------+---------+---------+---------+---------+
XLXI_62/XLXI_1/Q|    1.950|         |         |         |
----------------+---------+---------+---------+---------+

Clock to Setup on destination clock XLXI_62/XLXI_2/Q
----------------+---------+---------+---------+---------+
                | Src:Rise| Src:Fall| Src:Rise| Src:Fall|
Source Clock    |Dest:Rise|Dest:Rise|Dest:Fall|Dest:Fall|
----------------+---------+---------+---------+---------+
XLXI_62/XLXI_2/Q|    1.950|         |         |         |
----------------+---------+---------+---------+---------+

Clock to Setup on destination clock XLXI_62/XLXI_3/Q
----------------+---------+---------+---------+---------+
                | Src:Rise| Src:Fall| Src:Rise| Src:Fall|
Source Clock    |Dest:Rise|Dest:Rise|Dest:Fall|Dest:Fall|
----------------+---------+---------+---------+---------+
XLXI_62/XLXI_3/Q|    1.950|         |         |         |
----------------+---------+---------+---------+---------+

Clock to Setup on destination clock XLXI_62/XLXI_4/Q
----------------+---------+---------+---------+---------+
                | Src:Rise| Src:Fall| Src:Rise| Src:Fall|
Source Clock    |Dest:Rise|Dest:Rise|Dest:Fall|Dest:Fall|
----------------+---------+---------+---------+---------+
XLXI_62/XLXI_4/Q|    1.950|         |         |         |
----------------+---------+---------+---------+---------+

Clock to Setup on destination clock XLXI_62/XLXI_5/Q
----------------+---------+---------+---------+---------+
                | Src:Rise| Src:Fall| Src:Rise| Src:Fall|
Source Clock    |Dest:Rise|Dest:Rise|Dest:Fall|Dest:Fall|
----------------+---------+---------+---------+---------+
XLXI_62/XLXI_5/Q|    1.950|         |         |         |
----------------+---------+---------+---------+---------+

Clock to Setup on destination clock XLXI_62/XLXI_6/Q
----------------+---------+---------+---------+---------+
                | Src:Rise| Src:Fall| Src:Rise| Src:Fall|
Source Clock    |Dest:Rise|Dest:Rise|Dest:Fall|Dest:Fall|
----------------+---------+---------+---------+---------+
XLXI_62/XLXI_6/Q|    1.950|         |         |         |
----------------+---------+---------+---------+---------+

Clock to Setup on destination clock XLXI_62/XLXI_7/Q
----------------+---------+---------+---------+---------+
                | Src:Rise| Src:Fall| Src:Rise| Src:Fall|
Source Clock    |Dest:Rise|Dest:Rise|Dest:Fall|Dest:Fall|
----------------+---------+---------+---------+---------+
XLXI_62/XLXI_7/Q|    1.950|         |         |         |
----------------+---------+---------+---------+---------+

Clock to Setup on destination clock XLXI_62/XLXI_8/Q
----------------+---------+---------+---------+---------+
                | Src:Rise| Src:Fall| Src:Rise| Src:Fall|
Source Clock    |Dest:Rise|Dest:Rise|Dest:Fall|Dest:Fall|
----------------+---------+---------+---------+---------+
XLXI_62/XLXI_8/Q|    1.950|         |         |         |
----------------+---------+---------+---------+---------+

Clock to Setup on destination clock XLXI_72/XLXI_5/TC
-----------------+---------+---------+---------+---------+
                 | Src:Rise| Src:Fall| Src:Rise| Src:Fall|
Source Clock     |Dest:Rise|Dest:Rise|Dest:Fall|Dest:Fall|
-----------------+---------+---------+---------+---------+
XLXI_72/XLXI_5/TC|    7.605|         |         |         |
XLXN_1           |    6.365|         |         |         |
-----------------+---------+---------+---------+---------+

Clock to Setup on destination clock XLXI_75/XLXI_1/Q
----------------+---------+---------+---------+---------+
                | Src:Rise| Src:Fall| Src:Rise| Src:Fall|
Source Clock    |Dest:Rise|Dest:Rise|Dest:Fall|Dest:Fall|
----------------+---------+---------+---------+---------+
XLXI_75/XLXI_1/Q|    1.950|         |         |         |
----------------+---------+---------+---------+---------+

Clock to Setup on destination clock XLXI_75/XLXI_19/Q
-----------------+---------+---------+---------+---------+
                 | Src:Rise| Src:Fall| Src:Rise| Src:Fall|
Source Clock     |Dest:Rise|Dest:Rise|Dest:Fall|Dest:Fall|
-----------------+---------+---------+---------+---------+
XLXI_75/XLXI_19/Q|    2.135|         |         |         |
-----------------+---------+---------+---------+---------+

Clock to Setup on destination clock XLXI_8/XLXI_1/Q
---------------+---------+---------+---------+---------+
               | Src:Rise| Src:Fall| Src:Rise| Src:Fall|
Source Clock   |Dest:Rise|Dest:Rise|Dest:Fall|Dest:Fall|
---------------+---------+---------+---------+---------+
XLXI_8/XLXI_1/Q|    1.950|         |         |         |
---------------+---------+---------+---------+---------+

Clock to Setup on destination clock XLXI_8/XLXI_2/Q
---------------+---------+---------+---------+---------+
               | Src:Rise| Src:Fall| Src:Rise| Src:Fall|
Source Clock   |Dest:Rise|Dest:Rise|Dest:Fall|Dest:Fall|
---------------+---------+---------+---------+---------+
XLXI_8/XLXI_2/Q|    1.950|         |         |         |
---------------+---------+---------+---------+---------+

Clock to Setup on destination clock XLXI_8/XLXI_3/Q
---------------+---------+---------+---------+---------+
               | Src:Rise| Src:Fall| Src:Rise| Src:Fall|
Source Clock   |Dest:Rise|Dest:Rise|Dest:Fall|Dest:Fall|
---------------+---------+---------+---------+---------+
XLXI_8/XLXI_3/Q|    1.950|         |         |         |
---------------+---------+---------+---------+---------+

Clock to Setup on destination clock XLXI_8/XLXI_4/Q
---------------+---------+---------+---------+---------+
               | Src:Rise| Src:Fall| Src:Rise| Src:Fall|
Source Clock   |Dest:Rise|Dest:Rise|Dest:Fall|Dest:Fall|
---------------+---------+---------+---------+---------+
XLXI_8/XLXI_4/Q|    1.950|         |         |         |
---------------+---------+---------+---------+---------+

Clock to Setup on destination clock XLXI_8/XLXI_5/Q
---------------+---------+---------+---------+---------+
               | Src:Rise| Src:Fall| Src:Rise| Src:Fall|
Source Clock   |Dest:Rise|Dest:Rise|Dest:Fall|Dest:Fall|
---------------+---------+---------+---------+---------+
XLXI_8/XLXI_5/Q|    1.950|         |         |         |
---------------+---------+---------+---------+---------+

Clock to Setup on destination clock XLXI_8/XLXI_6/Q
---------------+---------+---------+---------+---------+
               | Src:Rise| Src:Fall| Src:Rise| Src:Fall|
Source Clock   |Dest:Rise|Dest:Rise|Dest:Fall|Dest:Fall|
---------------+---------+---------+---------+---------+
XLXI_8/XLXI_6/Q|    1.950|         |         |         |
---------------+---------+---------+---------+---------+

Clock to Setup on destination clock XLXI_8/XLXI_7/Q
---------------+---------+---------+---------+---------+
               | Src:Rise| Src:Fall| Src:Rise| Src:Fall|
Source Clock   |Dest:Rise|Dest:Rise|Dest:Fall|Dest:Fall|
---------------+---------+---------+---------+---------+
XLXI_8/XLXI_7/Q|    1.950|         |         |         |
---------------+---------+---------+---------+---------+

Clock to Setup on destination clock XLXI_8/XLXI_8/Q
---------------+---------+---------+---------+---------+
               | Src:Rise| Src:Fall| Src:Rise| Src:Fall|
Source Clock   |Dest:Rise|Dest:Rise|Dest:Fall|Dest:Fall|
---------------+---------+---------+---------+---------+
XLXI_8/XLXI_8/Q|    1.950|         |         |         |
---------------+---------+---------+---------+---------+

Clock to Setup on destination clock XLXN_1
-----------------+---------+---------+---------+---------+
                 | Src:Rise| Src:Fall| Src:Rise| Src:Fall|
Source Clock     |Dest:Rise|Dest:Rise|Dest:Fall|Dest:Fall|
-----------------+---------+---------+---------+---------+
XLXI_72/XLXI_5/TC|    7.727|         |         |         |
XLXN_1           |    6.487|         |         |         |
-----------------+---------+---------+---------+---------+

=========================================================================


Total REAL time to Xst completion: 4.00 secs
Total CPU time to Xst completion: 4.23 secs
 
--> 

Total memory usage is 4494400 kilobytes

Number of errors   :    0 (   0 filtered)
Number of warnings :    1 (   0 filtered)
Number of infos    :    4 (   0 filtered)

