--------------------------------------------------------------------------------
Release 14.7 Trace  (nt64)
Copyright (c) 1995-2013 Xilinx, Inc.  All rights reserved.

C:\Xilinx\14.7\ISE_DS\ISE\bin\nt64\unwrapped\trce.exe -intstyle ise -v 3 -s 3
-n 3 -fastpaths -xml Random00_99.twx Random00_99.ncd -o Random00_99.twr
Random00_99.pcf -ucf Random00_99.ucf

Design file:              Random00_99.ncd
Physical constraint file: Random00_99.pcf
Device,package,speed:     xc6slx9,tqg144,C,-3 (PRODUCTION 1.23 2013-10-13)
Report level:             verbose report

Environment Variable      Effect 
--------------------      ------ 
NONE                      No environment variables were set
--------------------------------------------------------------------------------

INFO:Timing:2698 - No timing constraints found, doing default enumeration.
INFO:Timing:3412 - To improve timing, see the Timing Closure User Guide (UG612).
INFO:Timing:2752 - To get complete path coverage, use the unconstrained paths 
   option. All paths that are not constrained will be reported in the 
   unconstrained paths section(s) of the report.
INFO:Timing:3339 - The clock-to-out numbers in this timing report are based on 
   a 50 Ohm transmission line loading model.  For the details of this model, 
   and for more information on accounting for different loading conditions, 
   please see the device datasheet.



Data Sheet report:
-----------------
All values displayed in nanoseconds (ns)

Clock SW to Pad
------------+-----------------+------------+-----------------+------------+------------------+--------+
            |Max (slowest) clk|  Process   |Min (fastest) clk|  Process   |                  | Clock  |
Destination |  (edge) to PAD  |   Corner   |  (edge) to PAD  |   Corner   |Internal Clock(s) | Phase  |
------------+-----------------+------------+-----------------+------------+------------------+--------+
Buzzer_alarm|        10.870(R)|      SLOW  |         5.878(R)|      FAST  |XLXN_1            |   0.000|
a           |        10.226(R)|      SLOW  |         5.650(R)|      FAST  |XLXN_1            |   0.000|
b           |         9.921(R)|      SLOW  |         5.599(R)|      FAST  |XLXN_1            |   0.000|
c           |        10.007(R)|      SLOW  |         5.622(R)|      FAST  |XLXN_1            |   0.000|
d           |        10.233(R)|      SLOW  |         5.389(R)|      FAST  |XLXN_1            |   0.000|
e           |         9.877(R)|      SLOW  |         5.656(R)|      FAST  |XLXN_1            |   0.000|
f           |        10.012(R)|      SLOW  |         5.675(R)|      FAST  |XLXN_1            |   0.000|
g           |        10.350(R)|      SLOW  |         5.721(R)|      FAST  |XLXN_1            |   0.000|
------------+-----------------+------------+-----------------+------------+------------------+--------+

Clock to Setup on destination clock OSC_normal
---------------+---------+---------+---------+---------+
               | Src:Rise| Src:Fall| Src:Rise| Src:Fall|
Source Clock   |Dest:Rise|Dest:Rise|Dest:Fall|Dest:Fall|
---------------+---------+---------+---------+---------+
OSC_normal     |    0.909|         |         |         |
---------------+---------+---------+---------+---------+

Clock to Setup on destination clock SW
---------------+---------+---------+---------+---------+
               | Src:Rise| Src:Fall| Src:Rise| Src:Fall|
Source Clock   |Dest:Rise|Dest:Rise|Dest:Fall|Dest:Fall|
---------------+---------+---------+---------+---------+
SW             |    1.394|         |         |         |
---------------+---------+---------+---------+---------+

Pad to Pad
---------------+---------------+---------+
Source Pad     |Destination Pad|  Delay  |
---------------+---------------+---------+
SW             |Buzzer_alarm   |    8.815|
---------------+---------------+---------+


Analysis completed Thu Nov 26 15:02:57 2020 
--------------------------------------------------------------------------------

Trace Settings:
-------------------------
Trace Settings 

Peak Memory Usage: 4572 MB



