Release 14.7 - xst P.20131013 (nt64)
Copyright (c) 1995-2013 Xilinx, Inc.  All rights reserved.
--> Parameter TMPDIR set to xst/projnav.tmp


Total REAL time to Xst completion: 0.00 secs
Total CPU time to Xst completion: 0.16 secs
 
--> Parameter xsthdpdir set to xst


Total REAL time to Xst completion: 0.00 secs
Total CPU time to Xst completion: 0.16 secs
 
--> Reading design: adder_8bits.prj

TABLE OF CONTENTS
  1) Synthesis Options Summary
  2) HDL Parsing
  3) HDL Elaboration
  4) HDL Synthesis
       4.1) HDL Synthesis Report
  5) Advanced HDL Synthesis
       5.1) Advanced HDL Synthesis Report
  6) Low Level Synthesis
  7) Partition Report
  8) Design Summary
       8.1) Primitive and Black Box Usage
       8.2) Device utilization summary
       8.3) Partition Resource Summary
       8.4) Timing Report
            8.4.1) Clock Information
            8.4.2) Asynchronous Control Signals Information
            8.4.3) Timing Summary
            8.4.4) Timing Details
            8.4.5) Cross Clock Domains Report


=========================================================================
*                      Synthesis Options Summary                        *
=========================================================================
---- Source Parameters
Input File Name                    : "adder_8bits.prj"
Ignore Synthesis Constraint File   : NO

---- Target Parameters
Output File Name                   : "adder_8bits"
Output Format                      : NGC
Target Device                      : xc6slx9-3-tqg144

---- Source Options
Top Module Name                    : adder_8bits
Automatic FSM Extraction           : YES
FSM Encoding Algorithm             : Auto
Safe Implementation                : No
FSM Style                          : LUT
RAM Extraction                     : Yes
RAM Style                          : Auto
ROM Extraction                     : Yes
Shift Register Extraction          : YES
ROM Style                          : Auto
Resource Sharing                   : YES
Asynchronous To Synchronous        : NO
Shift Register Minimum Size        : 2
Use DSP Block                      : Auto
Automatic Register Balancing       : No

---- Target Options
LUT Combining                      : Auto
Reduce Control Sets                : Auto
Add IO Buffers                     : YES
Global Maximum Fanout              : 100000
Add Generic Clock Buffer(BUFG)     : 16
Register Duplication               : YES
Optimize Instantiated Primitives   : NO
Use Clock Enable                   : Auto
Use Synchronous Set                : Auto
Use Synchronous Reset              : Auto
Pack IO Registers into IOBs        : Auto
Equivalent register Removal        : YES

---- General Options
Optimization Goal                  : Speed
Optimization Effort                : 1
Power Reduction                    : NO
Keep Hierarchy                     : No
Netlist Hierarchy                  : As_Optimized
RTL Output                         : Yes
Global Optimization                : AllClockNets
Read Cores                         : YES
Write Timing Constraints           : NO
Cross Clock Analysis               : NO
Hierarchy Separator                : /
Bus Delimiter                      : <>
Case Specifier                     : Maintain
Slice Utilization Ratio            : 100
BRAM Utilization Ratio             : 100
DSP48 Utilization Ratio            : 100
Auto BRAM Packing                  : NO
Slice Utilization Ratio Delta      : 5

=========================================================================


=========================================================================
*                          HDL Parsing                                  *
=========================================================================
Analyzing Verilog file "D:\Computer Engineering\Year2\Digital Fundumental\adder\adder\selectCommon.vf" into library work
Parsing module <M4_1E_HXILINX_selectCommon>.
Parsing module <CB2CE_HXILINX_selectCommon>.
Parsing module <selectCommon>.
Analyzing Verilog file "D:\Computer Engineering\Year2\Digital Fundumental\adder\adder\Mux16.vf" into library work
Parsing module <M4_1E_HXILINX_Mux16>.
Parsing module <CB2CE_HXILINX_Mux16>.
Parsing module <Mux16>.
Analyzing Verilog file "D:\Computer Engineering\Year2\Digital Fundumental\adder\adder\DividerBy2.vf" into library work
Parsing module <FTC_HXILINX_DividerBy2>.
Parsing module <DividerBy2>.
Analyzing Verilog file "D:\Computer Engineering\Year2\Digital Fundumental\adder\adder\Comparator.vf" into library work
Parsing module <NOR9_HXILINX_Comparator>.
Parsing module <Comparator>.
Analyzing Verilog file "D:\Computer Engineering\Year2\Digital Fundumental\adder\adder\BCD_0_F_Decoder.vf" into library work
Parsing module <D4_16E_HXILINX_BCD_0_F_Decoder>.
Parsing module <OR6_HXILINX_BCD_0_F_Decoder>.
Parsing module <BCD_0_F_Decoder>.
Analyzing Verilog file "D:\Computer Engineering\Year2\Digital Fundumental\adder\adder\Adder.vf" into library work
Parsing module <ADD8_HXILINX_Adder>.
Parsing module <Adder>.
Analyzing Verilog file "D:\Computer Engineering\Year2\Digital Fundumental\adder\adder\adder_8bits.vf" into library work
Parsing module <D4_16E_HXILINX_adder_8bits>.
Parsing module <FTC_HXILINX_adder_8bits>.
Parsing module <ADD8_HXILINX_adder_8bits>.
Parsing module <NOR9_HXILINX_adder_8bits>.
Parsing module <OR6_HXILINX_adder_8bits>.
Parsing module <M4_1E_HXILINX_adder_8bits>.
Parsing module <CB2CE_HXILINX_adder_8bits>.
Parsing module <DividerBy2_MUSER_adder_8bits>.
Parsing module <Adder_MUSER_adder_8bits>.
Parsing module <Comparator_MUSER_adder_8bits>.
Parsing module <BCD_0_F_Decoder_MUSER_adder_8bits>.
Parsing module <Mux16_MUSER_adder_8bits>.
Parsing module <selectCommon_MUSER_adder_8bits>.
Parsing module <adder_8bits>.

=========================================================================
*                            HDL Elaboration                            *
=========================================================================

Elaborating module <adder_8bits>.

Elaborating module <GND>.

Elaborating module <selectCommon_MUSER_adder_8bits>.

Elaborating module <CB2CE_HXILINX_adder_8bits>.
WARNING:HDLCompiler:413 - "D:\Computer Engineering\Year2\Digital Fundumental\adder\adder\adder_8bits.vf" Line 228: Result of 3-bit expression is truncated to fit in 2-bit target.

Elaborating module <VCC>.

Elaborating module <M4_1E_HXILINX_adder_8bits>.

Elaborating module <Mux16_MUSER_adder_8bits>.

Elaborating module <BCD_0_F_Decoder_MUSER_adder_8bits>.

Elaborating module <D4_16E_HXILINX_adder_8bits>.
WARNING:HDLCompiler:1127 - "D:\Computer Engineering\Year2\Digital Fundumental\adder\adder\adder_8bits.vf" Line 377: Assignment to D8 ignored, since the identifier is never used

Elaborating module <OR4>.

Elaborating module <OR5>.

Elaborating module <OR6_HXILINX_adder_8bits>.

Elaborating module <INV>.

Elaborating module <Comparator_MUSER_adder_8bits>.

Elaborating module <NOR9_HXILINX_adder_8bits>.

Elaborating module <Adder_MUSER_adder_8bits>.

Elaborating module <ADD8_HXILINX_adder_8bits>.
WARNING:HDLCompiler:1127 - "D:\Computer Engineering\Year2\Digital Fundumental\adder\adder\adder_8bits.vf" Line 277: Assignment to XLXN_52 ignored, since the identifier is never used
WARNING:HDLCompiler:1127 - "D:\Computer Engineering\Year2\Digital Fundumental\adder\adder\adder_8bits.vf" Line 280: Assignment to XLXN_52 ignored, since the identifier is never used

Elaborating module <DividerBy2_MUSER_adder_8bits>.

Elaborating module <FTC_HXILINX_adder_8bits>.

=========================================================================
*                           HDL Synthesis                               *
=========================================================================

Synthesizing Unit <adder_8bits>.
    Related source file is "D:\Computer Engineering\Year2\Digital Fundumental\adder\adder\adder_8bits.vf".
    Summary:
	no macro.
Unit <adder_8bits> synthesized.

Synthesizing Unit <selectCommon_MUSER_adder_8bits>.
    Related source file is "D:\Computer Engineering\Year2\Digital Fundumental\adder\adder\adder_8bits.vf".
    Set property "HU_SET = XLXI_1_29" for instance <XLXI_1>.
    Set property "HU_SET = XLXI_4_30" for instance <XLXI_4>.
    Set property "HU_SET = XLXI_6_33" for instance <XLXI_6>.
    Set property "HU_SET = XLXI_7_31" for instance <XLXI_7>.
    Set property "HU_SET = XLXI_8_32" for instance <XLXI_8>.
INFO:Xst:3210 - "D:\Computer Engineering\Year2\Digital Fundumental\adder\adder\adder_8bits.vf" line 549: Output port <CEO> of the instance <XLXI_1> is unconnected or connected to loadless signal.
INFO:Xst:3210 - "D:\Computer Engineering\Year2\Digital Fundumental\adder\adder\adder_8bits.vf" line 549: Output port <TC> of the instance <XLXI_1> is unconnected or connected to loadless signal.
    Summary:
	no macro.
Unit <selectCommon_MUSER_adder_8bits> synthesized.

Synthesizing Unit <CB2CE_HXILINX_adder_8bits>.
    Related source file is "D:\Computer Engineering\Year2\Digital Fundumental\adder\adder\adder_8bits.vf".
    Found 1-bit register for signal <Q1>.
    Found 1-bit register for signal <Q0>.
    Found 2-bit adder for signal <Q1_GND_4_o_add_0_OUT> created at line 228.
    Summary:
	inferred   1 Adder/Subtractor(s).
	inferred   2 D-type flip-flop(s).
Unit <CB2CE_HXILINX_adder_8bits> synthesized.

Synthesizing Unit <M4_1E_HXILINX_adder_8bits>.
    Related source file is "D:\Computer Engineering\Year2\Digital Fundumental\adder\adder\adder_8bits.vf".
    Found 1-bit 4-to-1 multiplexer for signal <S1_D3_Mux_0_o> created at line 195.
    Summary:
	inferred   2 Multiplexer(s).
Unit <M4_1E_HXILINX_adder_8bits> synthesized.

Synthesizing Unit <Mux16_MUSER_adder_8bits>.
    Related source file is "D:\Computer Engineering\Year2\Digital Fundumental\adder\adder\adder_8bits.vf".
    Set property "HU_SET = XLXI_2_24" for instance <XLXI_2>.
    Set property "HU_SET = XLXI_8_25" for instance <XLXI_8>.
    Set property "HU_SET = XLXI_10_26" for instance <XLXI_10>.
    Set property "HU_SET = XLXI_12_27" for instance <XLXI_12>.
    Set property "HU_SET = XLXI_27_28" for instance <XLXI_27>.
INFO:Xst:3210 - "D:\Computer Engineering\Year2\Digital Fundumental\adder\adder\adder_8bits.vf" line 510: Output port <CEO> of the instance <XLXI_27> is unconnected or connected to loadless signal.
INFO:Xst:3210 - "D:\Computer Engineering\Year2\Digital Fundumental\adder\adder\adder_8bits.vf" line 510: Output port <TC> of the instance <XLXI_27> is unconnected or connected to loadless signal.
    Summary:
	no macro.
Unit <Mux16_MUSER_adder_8bits> synthesized.

Synthesizing Unit <BCD_0_F_Decoder_MUSER_adder_8bits>.
    Related source file is "D:\Computer Engineering\Year2\Digital Fundumental\adder\adder\adder_8bits.vf".
    Set property "HU_SET = XLXI_1_21" for instance <XLXI_1>.
    Set property "HU_SET = XLXI_27_22" for instance <XLXI_27>.
    Set property "HU_SET = XLXI_43_23" for instance <XLXI_43>.
INFO:Xst:3210 - "D:\Computer Engineering\Year2\Digital Fundumental\adder\adder\adder_8bits.vf" line 364: Output port <D8> of the instance <XLXI_1> is unconnected or connected to loadless signal.
    Summary:
	no macro.
Unit <BCD_0_F_Decoder_MUSER_adder_8bits> synthesized.

Synthesizing Unit <D4_16E_HXILINX_adder_8bits>.
    Related source file is "D:\Computer Engineering\Year2\Digital Fundumental\adder\adder\adder_8bits.vf".
    Summary:
	inferred  16 Multiplexer(s).
Unit <D4_16E_HXILINX_adder_8bits> synthesized.

Synthesizing Unit <OR6_HXILINX_adder_8bits>.
    Related source file is "D:\Computer Engineering\Year2\Digital Fundumental\adder\adder\adder_8bits.vf".
    Summary:
	no macro.
Unit <OR6_HXILINX_adder_8bits> synthesized.

Synthesizing Unit <Comparator_MUSER_adder_8bits>.
    Related source file is "D:\Computer Engineering\Year2\Digital Fundumental\adder\adder\adder_8bits.vf".
    Set property "HU_SET = XLXI_7_20" for instance <XLXI_7>.
    Summary:
	no macro.
Unit <Comparator_MUSER_adder_8bits> synthesized.

Synthesizing Unit <NOR9_HXILINX_adder_8bits>.
    Related source file is "D:\Computer Engineering\Year2\Digital Fundumental\adder\adder\adder_8bits.vf".
    Summary:
	no macro.
Unit <NOR9_HXILINX_adder_8bits> synthesized.

Synthesizing Unit <Adder_MUSER_adder_8bits>.
    Related source file is "D:\Computer Engineering\Year2\Digital Fundumental\adder\adder\adder_8bits.vf".
    Set property "HU_SET = XLXI_27_19" for instance <XLXI_27>.
INFO:Xst:3210 - "D:\Computer Engineering\Year2\Digital Fundumental\adder\adder\adder_8bits.vf" line 273: Output port <OFL> of the instance <XLXI_27> is unconnected or connected to loadless signal.
    Summary:
	no macro.
Unit <Adder_MUSER_adder_8bits> synthesized.

Synthesizing Unit <ADD8_HXILINX_adder_8bits>.
    Related source file is "D:\Computer Engineering\Year2\Digital Fundumental\adder\adder\adder_8bits.vf".
    Found 9-bit adder for signal <n0019> created at line 131.
    Found 9-bit adder for signal <n0010> created at line 131.
    Summary:
	inferred   2 Adder/Subtractor(s).
Unit <ADD8_HXILINX_adder_8bits> synthesized.

Synthesizing Unit <DividerBy2_MUSER_adder_8bits>.
    Related source file is "D:\Computer Engineering\Year2\Digital Fundumental\adder\adder\adder_8bits.vf".
    Set property "HU_SET = XLXI_1_18" for instance <XLXI_1>.
    Summary:
	no macro.
Unit <DividerBy2_MUSER_adder_8bits> synthesized.

Synthesizing Unit <FTC_HXILINX_adder_8bits>.
    Related source file is "D:\Computer Engineering\Year2\Digital Fundumental\adder\adder\adder_8bits.vf".
        INIT = 1'b0
    Found 1-bit register for signal <Q>.
    Summary:
	inferred   1 D-type flip-flop(s).
Unit <FTC_HXILINX_adder_8bits> synthesized.

=========================================================================
HDL Synthesis Report

Macro Statistics
# Adders/Subtractors                                   : 4
 2-bit adder                                           : 2
 9-bit adder                                           : 2
# Registers                                            : 5
 1-bit register                                        : 5
# Multiplexers                                         : 32
 1-bit 2-to-1 multiplexer                              : 24
 1-bit 4-to-1 multiplexer                              : 8

=========================================================================

=========================================================================
*                       Advanced HDL Synthesis                          *
=========================================================================


=========================================================================
Advanced HDL Synthesis Report

Macro Statistics
# Adders/Subtractors                                   : 3
 2-bit adder                                           : 2
 9-bit adder carry in                                  : 1
# Registers                                            : 5
 Flip-Flops                                            : 5
# Multiplexers                                         : 32
 1-bit 2-to-1 multiplexer                              : 24
 1-bit 4-to-1 multiplexer                              : 8

=========================================================================

=========================================================================
*                         Low Level Synthesis                           *
=========================================================================

Optimizing unit <adder_8bits> ...

Optimizing unit <BCD_0_F_Decoder_MUSER_adder_8bits> ...

Optimizing unit <ADD8_HXILINX_adder_8bits> ...

Optimizing unit <FTC_HXILINX_adder_8bits> ...

Optimizing unit <CB2CE_HXILINX_adder_8bits> ...

Optimizing unit <M4_1E_HXILINX_adder_8bits> ...

Optimizing unit <NOR9_HXILINX_adder_8bits> ...

Optimizing unit <D4_16E_HXILINX_adder_8bits> ...

Optimizing unit <OR6_HXILINX_adder_8bits> ...

Mapping all equations...
Building and optimizing final netlist ...
Found area constraint ratio of 100 (+ 5) on block adder_8bits, actual ratio is 0.

Final Macro Processing ...

=========================================================================
Final Register Report

Macro Statistics
# Registers                                            : 5
 Flip-Flops                                            : 5

=========================================================================

=========================================================================
*                           Partition Report                            *
=========================================================================

Partition Implementation Status
-------------------------------

  No Partitions were found in this design.

-------------------------------

=========================================================================
*                            Design Summary                             *
=========================================================================

Top Level Output File Name         : adder_8bits.ngc

Primitive and Black Box Usage:
------------------------------
# BELS                             : 70
#      GND                         : 1
#      INV                         : 10
#      LUT2                        : 14
#      LUT4                        : 19
#      LUT5                        : 1
#      LUT6                        : 3
#      MUXCY                       : 8
#      OR4                         : 3
#      OR5                         : 2
#      VCC                         : 1
#      XORCY                       : 8
# FlipFlops/Latches                : 5
#      FDCE                        : 5
# Clock Buffers                    : 1
#      BUFGP                       : 1
# IO Buffers                       : 28
#      IBUF                        : 16
#      OBUF                        : 12

Device utilization summary:
---------------------------

Selected Device : 6slx9tqg144-3 


Slice Logic Utilization: 
 Number of Slice Registers:               5  out of  11440     0%  
 Number of Slice LUTs:                   47  out of   5720     0%  
    Number used as Logic:                47  out of   5720     0%  

Slice Logic Distribution: 
 Number of LUT Flip Flop pairs used:     52
   Number with an unused Flip Flop:      47  out of     52    90%  
   Number with an unused LUT:             5  out of     52     9%  
   Number of fully used LUT-FF pairs:     0  out of     52     0%  
   Number of unique control sets:         3

IO Utilization: 
 Number of IOs:                          29
 Number of bonded IOBs:                  29  out of    102    28%  

Specific Feature Utilization:
 Number of BUFG/BUFGCTRLs:                1  out of     16     6%  

---------------------------
Partition Resource Summary:
---------------------------

  No Partitions were found in this design.

---------------------------


=========================================================================
Timing Report

NOTE: THESE TIMING NUMBERS ARE ONLY A SYNTHESIS ESTIMATE.
      FOR ACCURATE TIMING INFORMATION PLEASE REFER TO THE TRACE REPORT
      GENERATED AFTER PLACE-and-ROUTE.

Clock Information:
------------------
-----------------------------------+------------------------+-------+
Clock Signal                       | Clock buffer(FF name)  | Load  |
-----------------------------------+------------------------+-------+
clk20MHz                           | BUFGP                  | 1     |
XLXI_52/XLXI_1/Q                   | NONE(XLXI_5/XLXI_1/Q0) | 4     |
-----------------------------------+------------------------+-------+
INFO:Xst:2169 - HDL ADVISOR - Some clock signals were not automatically buffered by XST with BUFG/BUFR resources. Please use the buffer_type constraint in order to insert these buffers to the clock signals to help prevent skew problems.

Asynchronous Control Signals Information:
----------------------------------------
No asynchronous control signals found in this design

Timing Summary:
---------------
Speed Grade: -3

   Minimum period: 2.078ns (Maximum Frequency: 481.325MHz)
   Minimum input arrival time before clock: No path found
   Maximum output required time after clock: 8.720ns
   Maximum combinational path delay: 10.453ns

Timing Details:
---------------
All values displayed in nanoseconds (ns)

=========================================================================
Timing constraint: Default period analysis for Clock 'clk20MHz'
  Clock period: 2.048ns (frequency: 488.317MHz)
  Total number of paths / destination ports: 1 / 1
-------------------------------------------------------------------------
Delay:               2.048ns (Levels of Logic = 1)
  Source:            XLXI_52/XLXI_1/Q (FF)
  Destination:       XLXI_52/XLXI_1/Q (FF)
  Source Clock:      clk20MHz rising
  Destination Clock: clk20MHz rising

  Data Path: XLXI_52/XLXI_1/Q to XLXI_52/XLXI_1/Q
                                Gate     Net
    Cell:in->out      fanout   Delay   Delay  Logical Name (Net Name)
    ----------------------------------------  ------------
     FDCE:C->Q             5   0.447   0.714  Q (Q)
     INV:I->O              1   0.206   0.579  Q_INV_8_o1_INV_0 (Q_INV_8_o)
     FDCE:D                    0.102          Q
    ----------------------------------------
    Total                      2.048ns (0.755ns logic, 1.293ns route)
                                       (36.9% logic, 63.1% route)

=========================================================================
Timing constraint: Default period analysis for Clock 'XLXI_52/XLXI_1/Q'
  Clock period: 2.078ns (frequency: 481.325MHz)
  Total number of paths / destination ports: 6 / 4
-------------------------------------------------------------------------
Delay:               2.078ns (Levels of Logic = 1)
  Source:            XLXI_5/XLXI_1/Q0 (FF)
  Destination:       XLXI_5/XLXI_1/Q0 (FF)
  Source Clock:      XLXI_52/XLXI_1/Q rising
  Destination Clock: XLXI_52/XLXI_1/Q rising

  Data Path: XLXI_5/XLXI_1/Q0 to XLXI_5/XLXI_1/Q0
                                Gate     Net
    Cell:in->out      fanout   Delay   Delay  Logical Name (Net Name)
    ----------------------------------------  ------------
     FDCE:C->Q             6   0.447   0.744  Q0 (Q0)
     INV:I->O              1   0.206   0.579  Madd_Q1_GND_4_o_add_0_OUT_xor<0>11_INV_0 (Q1_GND_4_o_add_0_OUT<0>)
     FDCE:D                    0.102          Q0
    ----------------------------------------
    Total                      2.078ns (0.755ns logic, 1.323ns route)
                                       (36.3% logic, 63.7% route)

=========================================================================
Timing constraint: Default OFFSET OUT AFTER for Clock 'XLXI_52/XLXI_1/Q'
  Total number of paths / destination ports: 280 / 11
-------------------------------------------------------------------------
Offset:              8.720ns (Levels of Logic = 8)
  Source:            XLXI_9/XLXI_27/Q1 (FF)
  Destination:       A (PAD)
  Source Clock:      XLXI_52/XLXI_1/Q rising

  Data Path: XLXI_9/XLXI_27/Q1 to A
                                Gate     Net
    Cell:in->out      fanout   Delay   Delay  Logical Name (Net Name)
    ----------------------------------------  ------------
     FDCE:C->Q             5   0.447   1.059  Q1 (Q1)
     end scope: 'XLXI_9/XLXI_27:Q1'
     begin scope: 'XLXI_9/XLXI_2:S1'
     LUT5:I0->O           15   0.203   1.229  Mmux_O11 (O)
     end scope: 'XLXI_9/XLXI_2:O'
     begin scope: 'XLXI_33/XLXI_1:A0'
     LUT4:I0->O            5   0.203   0.962  Mmux_D1111 (D1)
     end scope: 'XLXI_33/XLXI_1:D1'
     OR4:I2->O             1   0.320   0.579  XLXI_33/XLXI_25 (XLXI_33/G)
     INV:I->O              1   0.568   0.579  XLXI_33/XLXI_33 (G_OBUF)
     OBUF:I->O                 2.571          G_OBUF (G)
    ----------------------------------------
    Total                      8.720ns (4.312ns logic, 4.408ns route)
                                       (49.5% logic, 50.5% route)

=========================================================================
Timing constraint: Default path analysis
  Total number of paths / destination ports: 4340 / 8
-------------------------------------------------------------------------
Delay:               10.453ns (Levels of Logic = 15)
  Source:            data_inAdd<0> (PAD)
  Destination:       A (PAD)

  Data Path: data_inAdd<0> to A
                                Gate     Net
    Cell:in->out      fanout   Delay   Delay  Logical Name (Net Name)
    ----------------------------------------  ------------
     IBUF:I->O             1   1.222   0.684  data_inAdd_0_IBUF (data_inAdd_0_IBUF)
     begin scope: 'XLXI_42/XLXI_27:A<0>'
     LUT2:I0->O            1   0.203   0.000  Madd_n0010_Madd_lut<0> (Madd_n0010_Madd_lut<0>)
     MUXCY:S->O            1   0.172   0.000  Madd_n0010_Madd_cy<0> (Madd_n0010_Madd_cy<0>)
     MUXCY:CI->O           1   0.019   0.000  Madd_n0010_Madd_cy<1> (Madd_n0010_Madd_cy<1>)
     MUXCY:CI->O           1   0.019   0.000  Madd_n0010_Madd_cy<2> (Madd_n0010_Madd_cy<2>)
     MUXCY:CI->O           1   0.019   0.000  Madd_n0010_Madd_cy<3> (Madd_n0010_Madd_cy<3>)
     XORCY:CI->O           2   0.180   0.721  Madd_n0010_Madd_xor<4> (S<4>)
     end scope: 'XLXI_42/XLXI_27:S<4>'
     begin scope: 'XLXI_9/XLXI_2:D1'
     LUT5:I3->O           15   0.203   1.229  Mmux_O11 (O)
     end scope: 'XLXI_9/XLXI_2:O'
     begin scope: 'XLXI_33/XLXI_1:A0'
     LUT4:I0->O            5   0.203   0.962  Mmux_D1111 (D1)
     end scope: 'XLXI_33/XLXI_1:D1'
     OR4:I2->O             1   0.320   0.579  XLXI_33/XLXI_25 (XLXI_33/G)
     INV:I->O              1   0.568   0.579  XLXI_33/XLXI_33 (G_OBUF)
     OBUF:I->O                 2.571          G_OBUF (G)
    ----------------------------------------
    Total                     10.453ns (5.699ns logic, 4.754ns route)
                                       (54.5% logic, 45.5% route)

=========================================================================

Cross Clock Domains Report:
--------------------------

Clock to Setup on destination clock XLXI_52/XLXI_1/Q
----------------+---------+---------+---------+---------+
                | Src:Rise| Src:Fall| Src:Rise| Src:Fall|
Source Clock    |Dest:Rise|Dest:Rise|Dest:Fall|Dest:Fall|
----------------+---------+---------+---------+---------+
XLXI_52/XLXI_1/Q|    2.078|         |         |         |
----------------+---------+---------+---------+---------+

Clock to Setup on destination clock clk20MHz
---------------+---------+---------+---------+---------+
               | Src:Rise| Src:Fall| Src:Rise| Src:Fall|
Source Clock   |Dest:Rise|Dest:Rise|Dest:Fall|Dest:Fall|
---------------+---------+---------+---------+---------+
clk20MHz       |    2.048|         |         |         |
---------------+---------+---------+---------+---------+

=========================================================================


Total REAL time to Xst completion: 6.00 secs
Total CPU time to Xst completion: 5.65 secs
 
--> 

Total memory usage is 4494396 kilobytes

Number of errors   :    0 (   0 filtered)
Number of warnings :    4 (   0 filtered)
Number of infos    :    7 (   0 filtered)

